<?xml version="1.0" encoding="UTF-8"?>
<coverage generated="1772618259234" clover="3.2.0">
  <project timestamp="1772618259234" name="All files">
    <metrics statements="252" coveredstatements="233" conditionals="274" coveredconditionals="246" methods="54" coveredmethods="50" elements="580" coveredelements="529" complexity="0" loc="252" ncloc="252" packages="10" files="10" classes="10"/>
    <package name="components.AddressDisplay">
      <metrics statements="13" coveredstatements="13" conditionals="25" coveredconditionals="25" methods="3" coveredmethods="2"/>
      <file name="AddressDisplay.tsx" path="/Users/stefano/Documents/bitcoin-ui-lib/src/components/AddressDisplay/AddressDisplay.tsx">
        <metrics statements="13" coveredstatements="13" conditionals="25" coveredconditionals="25" methods="3" coveredmethods="2"/>
        <line num="1" count="1" type="stmt"/>
        <line num="4" count="1" type="stmt"/>
        <line num="21" count="16" type="stmt"/>
        <line num="23" count="16" type="cond" truecount="2" falsecount="0"/>
        <line num="24" count="16" type="cond" truecount="2" falsecount="0"/>
        <line num="25" count="16" type="cond" truecount="2" falsecount="0"/>
        <line num="27" count="16" type="stmt"/>
        <line num="28" count="3" type="stmt"/>
        <line num="29" count="3" type="stmt"/>
        <line num="30" count="3" type="stmt"/>
        <line num="31" count="3" type="stmt"/>
        <line num="32" count="3" type="stmt"/>
        <line num="38" count="16" type="stmt"/>
      </file>
    </package>
    <package name="components.BTCAmount">
      <metrics statements="40" coveredstatements="40" conditionals="43" coveredconditionals="43" methods="8" coveredmethods="8"/>
      <file name="BTCAmount.tsx" path="/Users/stefano/Documents/bitcoin-ui-lib/src/components/BTCAmount/BTCAmount.tsx">
        <metrics statements="40" coveredstatements="40" conditionals="43" coveredconditionals="43" methods="8" coveredmethods="8"/>
        <line num="1" count="3" type="stmt"/>
        <line num="2" count="3" type="stmt"/>
        <line num="4" count="3" type="stmt"/>
        <line num="5" count="3" type="stmt"/>
        <line num="18" count="68" type="cond" truecount="2" falsecount="0"/>
        <line num="19" count="68" type="stmt"/>
        <line num="21" count="68" type="stmt"/>
        <line num="22" count="271" type="stmt"/>
        <line num="25" count="339" type="stmt"/>
        <line num="27" count="68" type="stmt"/>
        <line num="29" count="68" type="stmt"/>
        <line num="30" count="619" type="stmt"/>
        <line num="31" count="619" type="cond" truecount="2" falsecount="0"/>
        <line num="32" count="619" type="cond" truecount="2" falsecount="0"/>
        <line num="34" count="619" type="stmt"/>
        <line num="41" count="619" type="cond" truecount="1" falsecount="0"/>
        <line num="42" count="68" type="cond" truecount="2" falsecount="0"/>
        <line num="43" count="68" type="stmt"/>
        <line num="51" count="619" type="cond" truecount="3" falsecount="0"/>
        <line num="52" count="136" type="stmt"/>
        <line num="61" count="68" type="stmt"/>
        <line num="64" count="3" type="stmt"/>
        <line num="77" count="84" type="cond" truecount="2" falsecount="0"/>
        <line num="78" count="84" type="stmt"/>
        <line num="79" count="84" type="cond" truecount="2" falsecount="0"/>
        <line num="81" count="84" type="stmt"/>
        <line num="82" count="68" type="stmt"/>
        <line num="85" count="84" type="stmt"/>
        <line num="86" count="68" type="cond" truecount="1" falsecount="0"/>
        <line num="87" count="33" type="stmt"/>
        <line num="88" count="33" type="stmt"/>
        <line num="90" count="35" type="stmt"/>
        <line num="91" count="35" type="stmt"/>
        <line num="93" count="35" type="stmt"/>
        <line num="96" count="84" type="cond" truecount="2" falsecount="0"/>
        <line num="98" count="84" type="stmt"/>
        <line num="99" count="68" type="stmt"/>
        <line num="103" count="84" type="cond" truecount="2" falsecount="0"/>
        <line num="111" count="84" type="stmt"/>
        <line num="120" count="1022" type="stmt"/>
      </file>
    </package>
    <package name="components.BTCInput">
      <metrics statements="48" coveredstatements="34" conditionals="35" coveredconditionals="23" methods="8" coveredmethods="7"/>
      <file name="BTCInput.tsx" path="/Users/stefano/Documents/bitcoin-ui-lib/src/components/BTCInput/BTCInput.tsx">
        <metrics statements="48" coveredstatements="34" conditionals="35" coveredconditionals="23" methods="8" coveredmethods="7"/>
        <line num="1" count="1" type="stmt"/>
        <line num="4" count="1" type="stmt"/>
        <line num="10" count="2" type="cond" truecount="1" falsecount="1"/>
        <line num="11" count="2" type="stmt"/>
        <line num="14" count="2" type="cond" truecount="1" falsecount="1"/>
        <line num="15" count="2" type="stmt"/>
        <line num="18" count="2" type="stmt"/>
        <line num="19" count="2" type="stmt"/>
        <line num="20" count="2" type="stmt"/>
        <line num="22" count="2" type="stmt"/>
        <line num="29" count="10" type="stmt"/>
        <line num="30" count="10" type="stmt"/>
        <line num="31" count="10" type="cond" truecount="1" falsecount="0"/>
        <line num="32" count="7" type="stmt"/>
        <line num="37" count="10" type="stmt"/>
        <line num="38" count="10" type="stmt"/>
        <line num="39" count="0" type="cond" truecount="0" falsecount="3"/>
        <line num="41" count="10" type="stmt"/>
        <line num="46" count="0" type="cond" truecount="0" falsecount="1"/>
        <line num="47" count="0" type="stmt"/>
        <line num="48" count="0" type="stmt"/>
        <line num="49" count="0" type="cond" truecount="0" falsecount="3"/>
        <line num="50" count="0" type="stmt"/>
        <line num="51" count="0" type="cond" truecount="0" falsecount="1"/>
        <line num="54" count="0" type="stmt"/>
        <line num="57" count="1" type="stmt"/>
        <line num="70" count="10" type="stmt"/>
        <line num="71" count="10" type="stmt"/>
        <line num="73" count="10" type="stmt"/>
        <line num="74" count="10" type="cond" truecount="2" falsecount="0"/>
        <line num="78" count="10" type="stmt"/>
        <line num="80" count="10" type="stmt"/>
        <line num="81" count="10" type="stmt"/>
        <line num="82" count="10" type="cond" truecount="1" falsecount="1"/>
        <line num="86" count="10" type="stmt"/>
        <line num="88" count="10" type="stmt"/>
        <line num="89" count="10" type="stmt"/>
        <line num="95" count="10" type="stmt"/>
        <line num="96" count="10" type="stmt"/>
        <line num="97" count="10" type="cond" truecount="3" falsecount="0"/>
        <line num="99" count="0" type="stmt"/>
        <line num="100" count="0" type="stmt"/>
        <line num="101" count="0" type="stmt"/>
        <line num="102" count="0" type="stmt"/>
        <line num="103" count="0" type="stmt"/>
        <line num="104" count="0" type="stmt"/>
        <line num="107" count="10" type="cond" truecount="1" falsecount="1"/>
        <line num="109" count="10" type="stmt"/>
      </file>
    </package>
    <package name="components.BalanceDisplay">
      <metrics statements="18" coveredstatements="18" conditionals="28" coveredconditionals="27" methods="4" coveredmethods="4"/>
      <file name="BalanceDisplay.tsx" path="/Users/stefano/Documents/bitcoin-ui-lib/src/components/BalanceDisplay/BalanceDisplay.tsx">
        <metrics statements="18" coveredstatements="18" conditionals="28" coveredconditionals="27" methods="4" coveredmethods="4"/>
        <line num="1" count="1" type="stmt"/>
        <line num="2" count="1" type="stmt"/>
        <line num="4" count="1" type="stmt"/>
        <line num="9" count="18" type="cond" truecount="1" falsecount="1"/>
        <line num="13" count="6" type="stmt"/>
        <line num="16" count="1" type="stmt"/>
        <line num="32" count="33" type="stmt"/>
        <line num="33" count="33" type="cond" truecount="2" falsecount="0"/>
        <line num="35" count="33" type="stmt"/>
        <line num="36" count="33" type="cond" truecount="2" falsecount="0"/>
        <line num="38" count="33" type="stmt"/>
        <line num="39" count="13" type="stmt"/>
        <line num="40" count="13" type="stmt"/>
        <line num="41" count="13" type="cond" truecount="1" falsecount="0"/>
        <line num="42" count="12" type="stmt"/>
        <line num="44" count="13" type="stmt"/>
        <line num="47" count="33" type="cond" truecount="4" falsecount="0"/>
        <line num="49" count="33" type="stmt"/>
      </file>
    </package>
    <package name="components.ConfirmationBadge">
      <metrics statements="12" coveredstatements="12" conditionals="24" coveredconditionals="24" methods="1" coveredmethods="1"/>
      <file name="ConfirmationBadge.tsx" path="/Users/stefano/Documents/bitcoin-ui-lib/src/components/ConfirmationBadge/ConfirmationBadge.tsx">
        <metrics statements="12" coveredstatements="12" conditionals="24" coveredconditionals="24" methods="1" coveredmethods="1"/>
        <line num="3" count="1" type="stmt"/>
        <line num="17" count="16" type="stmt"/>
        <line num="18" count="16" type="stmt"/>
        <line num="19" count="16" type="stmt"/>
        <line num="21" count="16" type="cond" truecount="2" falsecount="0"/>
        <line num="28" count="16" type="cond" truecount="2" falsecount="0"/>
        <line num="29" count="5" type="stmt"/>
        <line num="30" count="11" type="cond" truecount="2" falsecount="0"/>
        <line num="31" count="5" type="stmt"/>
        <line num="33" count="6" type="cond" truecount="2" falsecount="0"/>
        <line num="36" count="16" type="cond" truecount="2" falsecount="0"/>
        <line num="42" count="16" type="stmt"/>
      </file>
    </package>
    <package name="components.SeedPhraseInput">
      <metrics statements="101" coveredstatements="96" conditionals="52" coveredconditionals="46" methods="27" coveredmethods="25"/>
      <file name="SeedPhraseInput.tsx" path="/Users/stefano/Documents/bitcoin-ui-lib/src/components/SeedPhraseInput/SeedPhraseInput.tsx">
        <metrics statements="101" coveredstatements="96" conditionals="52" coveredconditionals="46" methods="27" coveredmethods="25"/>
        <line num="1" count="1" type="stmt"/>
        <line num="3" count="1" type="stmt"/>
        <line num="5" count="1" type="stmt"/>
        <line num="6" count="1" type="stmt"/>
        <line num="7" count="1" type="stmt"/>
        <line num="11" count="34" type="cond" truecount="1" falsecount="0"/>
        <line num="12" count="19" type="stmt"/>
        <line num="13" count="19" type="stmt"/>
        <line num="14" count="19" type="stmt"/>
        <line num="15" count="228" type="stmt"/>
        <line num="16" count="228" type="cond" truecount="1" falsecount="1"/>
        <line num="17" count="228" type="stmt"/>
        <line num="19" count="19" type="stmt"/>
        <line num="20" count="19" type="cond" truecount="2" falsecount="0"/>
        <line num="21" count="128" type="cond" truecount="2" falsecount="0"/>
        <line num="22" count="4" type="stmt"/>
        <line num="24" count="19" type="stmt"/>
        <line num="27" count="1" type="stmt"/>
        <line num="41" count="87" type="stmt"/>
        <line num="42" count="87" type="stmt"/>
        <line num="43" count="87" type="stmt"/>
        <line num="44" count="87" type="stmt"/>
        <line num="45" count="87" type="stmt"/>
        <line num="46" count="87" type="stmt"/>
        <line num="47" count="87" type="stmt"/>
        <line num="49" count="87" type="cond" truecount="2" falsecount="0"/>
        <line num="50" count="87" type="stmt"/>
        <line num="53" count="87" type="stmt"/>
        <line num="54" count="29" type="stmt"/>
        <line num="55" count="29" type="cond" truecount="0" falsecount="1"/>
        <line num="60" count="87" type="stmt"/>
        <line num="61" count="51" type="stmt"/>
        <line num="62" count="51" type="stmt"/>
        <line num="63" count="51" type="stmt"/>
        <line num="66" count="87" type="stmt"/>
        <line num="68" count="19" type="stmt"/>
        <line num="69" count="19" type="stmt"/>
        <line num="70" count="19" type="stmt"/>
        <line num="75" count="87" type="stmt"/>
        <line num="77" count="4" type="stmt"/>
        <line num="78" count="4" type="cond" truecount="1" falsecount="0"/>
        <line num="79" count="4" type="stmt"/>
        <line num="80" count="4" type="stmt"/>
        <line num="87" count="87" type="stmt"/>
        <line num="89" count="4" type="stmt"/>
        <line num="90" count="4" type="stmt"/>
        <line num="91" count="4" type="stmt"/>
        <line num="92" count="4" type="stmt"/>
        <line num="93" count="4" type="stmt"/>
        <line num="98" count="87" type="stmt"/>
        <line num="99" count="65" type="cond" truecount="1" falsecount="0"/>
        <line num="100" count="34" type="cond" truecount="1" falsecount="1"/>
        <line num="101" count="34" type="stmt"/>
        <line num="104" count="87" type="stmt"/>
        <line num="105" count="87" type="stmt"/>
        <line num="108" count="87" type="stmt"/>
        <line num="109" count="65" type="stmt"/>
        <line num="112" count="87" type="stmt"/>
        <line num="114" count="23" type="stmt"/>
        <line num="115" count="23" type="cond" truecount="1" falsecount="0"/>
        <line num="117" count="16" type="cond" truecount="3" falsecount="1"/>
        <line num="119" count="2" type="stmt"/>
        <line num="120" count="2" type="stmt"/>
        <line num="121" count="2" type="stmt"/>
        <line num="123" count="0" type="stmt"/>
        <line num="124" count="0" type="cond" truecount="0" falsecount="2"/>
        <line num="125" count="0" type="stmt"/>
        <line num="127" count="2" type="stmt"/>
        <line num="128" count="2" type="cond" truecount="4" falsecount="0"/>
        <line num="129" count="1" type="stmt"/>
        <line num="130" count="1" type="cond" truecount="1" falsecount="0"/>
        <line num="131" count="1" type="stmt"/>
        <line num="133" count="2" type="stmt"/>
        <line num="134" count="2" type="stmt"/>
        <line num="136" count="1" type="stmt"/>
        <line num="137" count="1" type="stmt"/>
        <line num="138" count="1" type="stmt"/>
        <line num="139" count="1" type="stmt"/>
        <line num="145" count="87" type="stmt"/>
        <line num="146" count="51" type="cond" truecount="1" falsecount="0"/>
        <line num="147" count="7" type="stmt"/>
        <line num="148" count="7" type="cond" truecount="2" falsecount="0"/>
        <line num="149" count="88" type="cond" truecount="2" falsecount="0"/>
        <line num="151" count="7" type="cond" truecount="3" falsecount="0"/>
        <line num="152" count="3" type="stmt"/>
        <line num="154" count="7" type="stmt"/>
        <line num="157" count="87" type="stmt"/>
        <line num="172" count="1080" type="stmt"/>
        <line num="200" count="1776" type="stmt"/>
        <line num="218" count="19" type="stmt"/>
        <line num="220" count="13" type="cond" truecount="1" falsecount="0"/>
        <line num="221" count="4" type="stmt"/>
        <line num="222" count="4" type="stmt"/>
        <line num="224" count="13" type="stmt"/>
        <line num="227" count="4" type="stmt"/>
        <line num="228" count="0" type="stmt"/>
        <line num="229" count="0" type="stmt"/>
        <line num="232" count="23" type="stmt"/>
        <line num="268" count="156" type="stmt"/>
        <line num="273" count="2" type="stmt"/>
        <line num="274" count="2" type="stmt"/>
      </file>
    </package>
    <package name="components.TransactionAmount">
      <metrics statements="15" coveredstatements="15" conditionals="42" coveredconditionals="33" methods="1" coveredmethods="1"/>
      <file name="TransactionAmount.tsx" path="/Users/stefano/Documents/bitcoin-ui-lib/src/components/TransactionAmount/TransactionAmount.tsx">
        <metrics statements="15" coveredstatements="15" conditionals="42" coveredconditionals="33" methods="1" coveredmethods="1"/>
        <line num="1" count="1" type="stmt"/>
        <line num="3" count="1" type="stmt"/>
        <line num="4" count="1" type="stmt"/>
        <line num="5" count="1" type="stmt"/>
        <line num="7" count="1" type="stmt"/>
        <line num="22" count="11" type="stmt"/>
        <line num="23" count="11" type="stmt"/>
        <line num="24" count="11" type="cond" truecount="4" falsecount="0"/>
        <line num="25" count="11" type="cond" truecount="8" falsecount="0"/>
        <line num="26" count="11" type="stmt"/>
        <line num="27" count="11" type="cond" truecount="1" falsecount="1"/>
        <line num="28" count="11" type="cond" truecount="2" falsecount="0"/>
        <line num="29" count="11" type="stmt"/>
        <line num="31" count="11" type="cond" truecount="1" falsecount="1"/>
        <line num="39" count="11" type="stmt"/>
      </file>
    </package>
    <package name="data">
      <metrics statements="1" coveredstatements="1" conditionals="0" coveredconditionals="0" methods="0" coveredmethods="0"/>
      <file name="bip39-english.ts" path="/Users/stefano/Documents/bitcoin-ui-lib/src/data/bip39-english.ts">
        <metrics statements="1" coveredstatements="1" conditionals="0" coveredconditionals="0" methods="0" coveredmethods="0"/>
        <line num="1" count="1" type="stmt"/>
      </file>
    </package>
    <package name="icons.BitcoinIcon">
      <metrics statements="2" coveredstatements="2" conditionals="11" coveredconditionals="11" methods="1" coveredmethods="1"/>
      <file name="BitcoinIcon.tsx" path="/Users/stefano/Documents/bitcoin-ui-lib/src/icons/BitcoinIcon/BitcoinIcon.tsx">
        <metrics statements="2" coveredstatements="2" conditionals="11" coveredconditionals="11" methods="1" coveredmethods="1"/>
        <line num="3" count="1" type="stmt"/>
        <line num="12" count="7" type="stmt"/>
      </file>
    </package>
    <package name="icons.SatsIcon">
      <metrics statements="2" coveredstatements="2" conditionals="14" coveredconditionals="14" methods="1" coveredmethods="1"/>
      <file name="SatsIcon.tsx" path="/Users/stefano/Documents/bitcoin-ui-lib/src/icons/SatsIcon/SatsIcon.tsx">
        <metrics statements="2" coveredstatements="2" conditionals="14" coveredconditionals="14" methods="1" coveredmethods="1"/>
        <line num="3" count="1" type="stmt"/>
        <line num="13" count="8" type="stmt"/>
      </file>
    </package>
  </project>
</coverage>
