{"/Users/stefano/Documents/bitcoin-ui-lib/src/components/AddressDisplay/AddressDisplay.tsx": {"path":"/Users/stefano/Documents/bitcoin-ui-lib/src/components/AddressDisplay/AddressDisplay.tsx","statementMap":{"0":{"start":{"line":4,"column":0},"end":{"line":4,"column":16}},"1":{"start":{"line":1,"column":0},"end":{"line":1,"column":46}},"2":{"start":{"line":21,"column":30},"end":{"line":21,"column":45}},"3":{"start":{"line":23,"column":26},"end":{"line":23,"column":80}},"4":{"start":{"line":24,"column":17},"end":{"line":24,"column":74}},"5":{"start":{"line":25,"column":17},"end":{"line":25,"column":67}},"6":{"start":{"line":27,"column":21},"end":{"line":36,"column":23}},"7":{"start":{"line":28,"column":4},"end":{"line":35,"column":5}},"8":{"start":{"line":29,"column":6},"end":{"line":29,"column":51}},"9":{"start":{"line":30,"column":6},"end":{"line":30,"column":22}},"10":{"start":{"line":31,"column":6},"end":{"line":31,"column":17}},"11":{"start":{"line":32,"column":6},"end":{"line":32,"column":47}},"12":{"start":{"line":32,"column":23},"end":{"line":32,"column":39}},"13":{"start":{"line":38,"column":2},"end":{"line":86,"column":4}}},"fnMap":{"0":{"name":"AddressDisplay","decl":{"start":{"line":4,"column":16},"end":{"line":4,"column":30}},"loc":{"start":{"line":20,"column":22},"end":{"line":87,"column":1}}},"1":{"name":"(anonymous_1)","decl":{"start":{"line":27,"column":33},"end":{"line":27,"column":38}},"loc":{"start":{"line":27,"column":44},"end":{"line":36,"column":3}}},"2":{"name":"(anonymous_2)","decl":{"start":{"line":32,"column":17},"end":{"line":32,"column":20}},"loc":{"start":{"line":32,"column":23},"end":{"line":32,"column":39}}}},"branchMap":{"0":{"loc":{"start":{"line":6,"column":2},"end":{"line":6,"column":17}},"type":"default-arg","locations":[{"start":{"line":6,"column":16},"end":{"line":6,"column":17}}]},"1":{"loc":{"start":{"line":7,"column":2},"end":{"line":7,"column":17}},"type":"default-arg","locations":[{"start":{"line":7,"column":16},"end":{"line":7,"column":17}}]},"2":{"loc":{"start":{"line":8,"column":2},"end":{"line":8,"column":17}},"type":"default-arg","locations":[{"start":{"line":8,"column":13},"end":{"line":8,"column":17}}]},"3":{"loc":{"start":{"line":9,"column":2},"end":{"line":9,"column":19}},"type":"default-arg","locations":[{"start":{"line":9,"column":14},"end":{"line":9,"column":19}}]},"4":{"loc":{"start":{"line":10,"column":2},"end":{"line":10,"column":17}},"type":"default-arg","locations":[{"start":{"line":10,"column":13},"end":{"line":10,"column":17}}]},"5":{"loc":{"start":{"line":11,"column":2},"end":{"line":11,"column":32}},"type":"default-arg","locations":[{"start":{"line":11,"column":18},"end":{"line":11,"column":32}}]},"6":{"loc":{"start":{"line":13,"column":2},"end":{"line":13,"column":31}},"type":"default-arg","locations":[{"start":{"line":13,"column":17},"end":{"line":13,"column":31}}]},"7":{"loc":{"start":{"line":14,"column":2},"end":{"line":14,"column":28}},"type":"default-arg","locations":[{"start":{"line":14,"column":19},"end":{"line":14,"column":28}}]},"8":{"loc":{"start":{"line":15,"column":2},"end":{"line":15,"column":27}},"type":"default-arg","locations":[{"start":{"line":15,"column":18},"end":{"line":15,"column":27}}]},"9":{"loc":{"start":{"line":16,"column":2},"end":{"line":16,"column":25}},"type":"default-arg","locations":[{"start":{"line":16,"column":16},"end":{"line":16,"column":25}}]},"10":{"loc":{"start":{"line":17,"column":2},"end":{"line":17,"column":24}},"type":"default-arg","locations":[{"start":{"line":17,"column":15},"end":{"line":17,"column":24}}]},"11":{"loc":{"start":{"line":23,"column":26},"end":{"line":23,"column":80}},"type":"binary-expr","locations":[{"start":{"line":23,"column":26},"end":{"line":23,"column":34}},{"start":{"line":23,"column":38},"end":{"line":23,"column":80}}]},"12":{"loc":{"start":{"line":24,"column":17},"end":{"line":24,"column":74}},"type":"cond-expr","locations":[{"start":{"line":24,"column":35},"end":{"line":24,"column":64}},{"start":{"line":24,"column":67},"end":{"line":24,"column":74}}]},"13":{"loc":{"start":{"line":25,"column":17},"end":{"line":25,"column":67}},"type":"cond-expr","locations":[{"start":{"line":25,"column":35},"end":{"line":25,"column":62}},{"start":{"line":25,"column":65},"end":{"line":25,"column":67}}]},"14":{"loc":{"start":{"line":52,"column":7},"end":{"line":53,"column":null}},"type":"binary-expr","locations":[{"start":{"line":52,"column":7},"end":{"line":52,"column":22}},{"start":{"line":53,"column":8},"end":{"line":53,"column":66}}]},"15":{"loc":{"start":{"line":55,"column":7},"end":{"line":56,"column":null}},"type":"binary-expr","locations":[{"start":{"line":55,"column":7},"end":{"line":55,"column":22}},{"start":{"line":56,"column":8},"end":{"line":56,"column":61}}]},"16":{"loc":{"start":{"line":58,"column":7},"end":{"line":83,"column":null}},"type":"binary-expr","locations":[{"start":{"line":58,"column":7},"end":{"line":58,"column":15}},{"start":{"line":59,"column":8},"end":{"line":82,"column":null}}]},"17":{"loc":{"start":{"line":75,"column":11},"end":{"line":81,"column":null}},"type":"cond-expr","locations":[{"start":{"line":76,"column":12},"end":{"line":76,"column":91}},{"start":{"line":78,"column":12},"end":{"line":80,"column":null}}]}},"s":{"0":1,"1":1,"2":16,"3":16,"4":16,"5":16,"6":16,"7":3,"8":3,"9":3,"10":3,"11":3,"12":0,"13":16},"f":{"0":16,"1":3,"2":0},"b":{"0":[15],"1":[15],"2":[15],"3":[16],"4":[15],"5":[15],"6":[15],"7":[15],"8":[16],"9":[14],"10":[16],"11":[16,15],"12":[14,2],"13":[14,2],"14":[16,14],"15":[16,14],"16":[16,15],"17":[3,12]}}
,"/Users/stefano/Documents/bitcoin-ui-lib/src/components/BTCAmount/BTCAmount.tsx": {"path":"/Users/stefano/Documents/bitcoin-ui-lib/src/components/BTCAmount/BTCAmount.tsx","statementMap":{"0":{"start":{"line":64,"column":0},"end":{"line":64,"column":16}},"1":{"start":{"line":1,"column":0},"end":{"line":1,"column":69}},"2":{"start":{"line":2,"column":0},"end":{"line":2,"column":57}},"3":{"start":{"line":4,"column":0},"end":{"line":4,"column":66}},"4":{"start":{"line":5,"column":0},"end":{"line":5,"column":57}},"5":{"start":{"line":18,"column":18},"end":{"line":18,"column":69}},"6":{"start":{"line":19,"column":17},"end":{"line":19,"column":45}},"7":{"start":{"line":21,"column":2},"end":{"line":23,"column":3}},"8":{"start":{"line":22,"column":4},"end":{"line":22,"column":24}},"9":{"start":{"line":25,"column":23},"end":{"line":25,"column":57}},"10":{"start":{"line":25,"column":47},"end":{"line":25,"column":56}},"11":{"start":{"line":27,"column":83},"end":{"line":27,"column":85}},"12":{"start":{"line":29,"column":2},"end":{"line":59,"column":3}},"13":{"start":{"line":29,"column":15},"end":{"line":29,"column":16}},"14":{"start":{"line":30,"column":25},"end":{"line":30,"column":46}},"15":{"start":{"line":31,"column":21},"end":{"line":31,"column":61}},"16":{"start":{"line":32,"column":18},"end":{"line":32,"column":56}},"17":{"start":{"line":34,"column":4},"end":{"line":39,"column":7}},"18":{"start":{"line":41,"column":4},"end":{"line":49,"column":5}},"19":{"start":{"line":42,"column":23},"end":{"line":42,"column":61}},"20":{"start":{"line":43,"column":6},"end":{"line":48,"column":9}},"21":{"start":{"line":51,"column":4},"end":{"line":58,"column":5}},"22":{"start":{"line":52,"column":6},"end":{"line":57,"column":9}},"23":{"start":{"line":61,"column":2},"end":{"line":61,"column":16}},"24":{"start":{"line":77,"column":22},"end":{"line":77,"column":64}},"25":{"start":{"line":78,"column":22},"end":{"line":78,"column":77}},"26":{"start":{"line":79,"column":44},"end":{"line":79,"column":80}},"27":{"start":{"line":81,"column":2},"end":{"line":83,"column":28}},"28":{"start":{"line":82,"column":4},"end":{"line":82,"column":28}},"29":{"start":{"line":85,"column":2},"end":{"line":94,"column":43}},"30":{"start":{"line":86,"column":4},"end":{"line":89,"column":5}},"31":{"start":{"line":87,"column":6},"end":{"line":87,"column":31}},"32":{"start":{"line":88,"column":6},"end":{"line":88,"column":13}},"33":{"start":{"line":90,"column":24},"end":{"line":92,"column":6}},"34":{"start":{"line":91,"column":6},"end":{"line":91,"column":43}},"35":{"start":{"line":93,"column":4},"end":{"line":93,"column":23}},"36":{"start":{"line":96,"column":18},"end":{"line":96,"column":83}},"37":{"start":{"line":98,"column":20},"end":{"line":100,"column":null}},"38":{"start":{"line":99,"column":10},"end":{"line":99,"column":94}},"39":{"start":{"line":103,"column":19},"end":{"line":109,"column":14}},"40":{"start":{"line":111,"column":2},"end":{"line":130,"column":4}},"41":{"start":{"line":120,"column":8},"end":{"line":121,"column":null}}},"fnMap":{"0":{"name":"formatDigits","decl":{"start":{"line":11,"column":9},"end":{"line":11,"column":21}},"loc":{"start":{"line":16,"column":23},"end":{"line":62,"column":1}}},"1":{"name":"(anonymous_1)","decl":{"start":{"line":25,"column":40},"end":{"line":25,"column":41}},"loc":{"start":{"line":25,"column":47},"end":{"line":25,"column":56}}},"2":{"name":"BTCAmount","decl":{"start":{"line":64,"column":16},"end":{"line":64,"column":25}},"loc":{"start":{"line":76,"column":17},"end":{"line":131,"column":1}}},"3":{"name":"(anonymous_3)","decl":{"start":{"line":81,"column":12},"end":{"line":81,"column":15}},"loc":{"start":{"line":81,"column":17},"end":{"line":83,"column":3}}},"4":{"name":"(anonymous_4)","decl":{"start":{"line":85,"column":12},"end":{"line":85,"column":15}},"loc":{"start":{"line":85,"column":17},"end":{"line":94,"column":3}}},"5":{"name":"(anonymous_5)","decl":{"start":{"line":90,"column":49},"end":{"line":90,"column":50}},"loc":{"start":{"line":90,"column":60},"end":{"line":92,"column":5}}},"6":{"name":"(anonymous_6)","decl":{"start":{"line":99,"column":4},"end":{"line":99,"column":7}},"loc":{"start":{"line":99,"column":10},"end":{"line":99,"column":94}}},"7":{"name":"(anonymous_7)","decl":{"start":{"line":119,"column":21},"end":{"line":119,"column":22}},"loc":{"start":{"line":120,"column":8},"end":{"line":121,"column":null}}}},"branchMap":{"0":{"loc":{"start":{"line":18,"column":41},"end":{"line":18,"column":67}},"type":"cond-expr","locations":[{"start":{"line":18,"column":57},"end":{"line":18,"column":58}},{"start":{"line":18,"column":61},"end":{"line":18,"column":67}}]},"1":{"loc":{"start":{"line":31,"column":21},"end":{"line":31,"column":61}},"type":"binary-expr","locations":[{"start":{"line":31,"column":21},"end":{"line":31,"column":40}},{"start":{"line":31,"column":44},"end":{"line":31,"column":61}}]},"2":{"loc":{"start":{"line":32,"column":18},"end":{"line":32,"column":56}},"type":"cond-expr","locations":[{"start":{"line":32,"column":29},"end":{"line":32,"column":40}},{"start":{"line":32,"column":43},"end":{"line":32,"column":56}}]},"3":{"loc":{"start":{"line":41,"column":4},"end":{"line":49,"column":5}},"type":"if","locations":[{"start":{"line":41,"column":4},"end":{"line":49,"column":5}}]},"4":{"loc":{"start":{"line":42,"column":23},"end":{"line":42,"column":61}},"type":"cond-expr","locations":[{"start":{"line":42,"column":34},"end":{"line":42,"column":45}},{"start":{"line":42,"column":48},"end":{"line":42,"column":61}}]},"5":{"loc":{"start":{"line":51,"column":4},"end":{"line":58,"column":5}},"type":"if","locations":[{"start":{"line":51,"column":4},"end":{"line":58,"column":5}}]},"6":{"loc":{"start":{"line":51,"column":8},"end":{"line":51,"column":48}},"type":"binary-expr","locations":[{"start":{"line":51,"column":8},"end":{"line":51,"column":26}},{"start":{"line":51,"column":30},"end":{"line":51,"column":48}}]},"7":{"loc":{"start":{"line":66,"column":2},"end":{"line":66,"column":30}},"type":"default-arg","locations":[{"start":{"line":66,"column":16},"end":{"line":66,"column":30}}]},"8":{"loc":{"start":{"line":67,"column":2},"end":{"line":67,"column":27}},"type":"default-arg","locations":[{"start":{"line":67,"column":18},"end":{"line":67,"column":27}}]},"9":{"loc":{"start":{"line":68,"column":2},"end":{"line":68,"column":26}},"type":"default-arg","locations":[{"start":{"line":68,"column":18},"end":{"line":68,"column":26}}]},"10":{"loc":{"start":{"line":69,"column":2},"end":{"line":69,"column":20}},"type":"default-arg","locations":[{"start":{"line":69,"column":17},"end":{"line":69,"column":20}}]},"11":{"loc":{"start":{"line":70,"column":11},"end":{"line":70,"column":31}},"type":"default-arg","locations":[{"start":{"line":70,"column":27},"end":{"line":70,"column":31}}]},"12":{"loc":{"start":{"line":72,"column":2},"end":{"line":72,"column":25}},"type":"default-arg","locations":[{"start":{"line":72,"column":19},"end":{"line":72,"column":25}}]},"13":{"loc":{"start":{"line":77,"column":37},"end":{"line":77,"column":63}},"type":"cond-expr","locations":[{"start":{"line":77,"column":53},"end":{"line":77,"column":54}},{"start":{"line":77,"column":57},"end":{"line":77,"column":63}}]},"14":{"loc":{"start":{"line":79,"column":53},"end":{"line":79,"column":79}},"type":"cond-expr","locations":[{"start":{"line":79,"column":69},"end":{"line":79,"column":70}},{"start":{"line":79,"column":73},"end":{"line":79,"column":79}}]},"15":{"loc":{"start":{"line":86,"column":4},"end":{"line":89,"column":5}},"type":"if","locations":[{"start":{"line":86,"column":4},"end":{"line":89,"column":5}}]},"16":{"loc":{"start":{"line":96,"column":41},"end":{"line":96,"column":81}},"type":"cond-expr","locations":[{"start":{"line":96,"column":64},"end":{"line":96,"column":65}},{"start":{"line":96,"column":68},"end":{"line":96,"column":81}}]},"17":{"loc":{"start":{"line":103,"column":19},"end":{"line":109,"column":14}},"type":"cond-expr","locations":[{"start":{"line":104,"column":6},"end":{"line":104,"column":32}},{"start":{"line":105,"column":6},"end":{"line":109,"column":14}}]},"18":{"loc":{"start":{"line":105,"column":6},"end":{"line":109,"column":14}},"type":"cond-expr","locations":[{"start":{"line":106,"column":8},"end":{"line":106,"column":38}},{"start":{"line":107,"column":8},"end":{"line":109,"column":14}}]},"19":{"loc":{"start":{"line":107,"column":8},"end":{"line":109,"column":14}},"type":"cond-expr","locations":[{"start":{"line":108,"column":10},"end":{"line":108,"column":16}},{"start":{"line":109,"column":10},"end":{"line":109,"column":14}}]},"20":{"loc":{"start":{"line":114,"column":18},"end":{"line":114,"column":80}},"type":"binary-expr","locations":[{"start":{"line":114,"column":18},"end":{"line":114,"column":33}},{"start":{"line":114,"column":37},"end":{"line":114,"column":80}}]},"21":{"loc":{"start":{"line":116,"column":66},"end":{"line":116,"column":96}},"type":"cond-expr","locations":[{"start":{"line":116,"column":77},"end":{"line":116,"column":84}},{"start":{"line":116,"column":87},"end":{"line":116,"column":96}}]},"22":{"loc":{"start":{"line":118,"column":7},"end":{"line":118,"column":56}},"type":"binary-expr","locations":[{"start":{"line":118,"column":7},"end":{"line":118,"column":15}},{"start":{"line":118,"column":19},"end":{"line":118,"column":44}},{"start":{"line":118,"column":48},"end":{"line":118,"column":56}}]},"23":{"loc":{"start":{"line":122,"column":22},"end":{"line":122,"column":58}},"type":"cond-expr","locations":[{"start":{"line":122,"column":37},"end":{"line":122,"column":46}},{"start":{"line":122,"column":49},"end":{"line":122,"column":58}}]},"24":{"loc":{"start":{"line":128,"column":7},"end":{"line":128,"column":57}},"type":"binary-expr","locations":[{"start":{"line":128,"column":7},"end":{"line":128,"column":15}},{"start":{"line":128,"column":19},"end":{"line":128,"column":45}},{"start":{"line":128,"column":49},"end":{"line":128,"column":57}}]}},"s":{"0":3,"1":3,"2":3,"3":3,"4":3,"5":68,"6":68,"7":68,"8":271,"9":68,"10":339,"11":68,"12":68,"13":68,"14":619,"15":619,"16":619,"17":619,"18":619,"19":68,"20":68,"21":619,"22":136,"23":68,"24":84,"25":84,"26":84,"27":84,"28":68,"29":84,"30":68,"31":33,"32":33,"33":35,"34":35,"35":35,"36":84,"37":84,"38":68,"39":84,"40":84,"41":1022},"f":{"0":68,"1":339,"2":84,"3":68,"4":68,"5":35,"6":68,"7":1022},"b":{"0":[1,67],"1":[619,376],"2":[321,298],"3":[68],"4":[26,42],"5":[136],"6":[619,551],"7":[49],"8":[70],"9":[73],"10":[70],"11":[51],"12":[81],"13":[51,33],"14":[51,33],"15":[33],"16":[2,82],"17":[9,75],"18":[3,72],"19":[3,69],"20":[84,81],"21":[15,69],"22":[84,15,12],"23":[770,252],"24":[84,15,3]}}
,"/Users/stefano/Documents/bitcoin-ui-lib/src/components/BTCInput/BTCInput.tsx": {"path":"/Users/stefano/Documents/bitcoin-ui-lib/src/components/BTCInput/BTCInput.tsx","statementMap":{"0":{"start":{"line":57,"column":0},"end":{"line":57,"column":16}},"1":{"start":{"line":1,"column":0},"end":{"line":1,"column":70}},"2":{"start":{"line":4,"column":17},"end":{"line":4,"column":38}},"3":{"start":{"line":10,"column":18},"end":{"line":10,"column":85}},"4":{"start":{"line":11,"column":14},"end":{"line":11,"column":49}},"5":{"start":{"line":14,"column":18},"end":{"line":14,"column":53}},"6":{"start":{"line":15,"column":18},"end":{"line":15,"column":43}},"7":{"start":{"line":18,"column":17},"end":{"line":18,"column":36}},"8":{"start":{"line":19,"column":17},"end":{"line":19,"column":36}},"9":{"start":{"line":20,"column":17},"end":{"line":20,"column":36}},"10":{"start":{"line":22,"column":2},"end":{"line":22,"column":78}},"11":{"start":{"line":29,"column":21},"end":{"line":29,"column":47}},"12":{"start":{"line":30,"column":17},"end":{"line":30,"column":41}},"13":{"start":{"line":31,"column":2},"end":{"line":31,"column":30}},"14":{"start":{"line":31,"column":21},"end":{"line":31,"column":30}},"15":{"start":{"line":32,"column":2},"end":{"line":32,"column":36}},"16":{"start":{"line":37,"column":14},"end":{"line":37,"column":15}},"17":{"start":{"line":38,"column":2},"end":{"line":40,"column":3}},"18":{"start":{"line":38,"column":15},"end":{"line":38,"column":20}},"19":{"start":{"line":39,"column":4},"end":{"line":39,"column":48}},"20":{"start":{"line":39,"column":40},"end":{"line":39,"column":48}},"21":{"start":{"line":41,"column":2},"end":{"line":41,"column":15}},"22":{"start":{"line":46,"column":2},"end":{"line":46,"column":23}},"23":{"start":{"line":46,"column":14},"end":{"line":46,"column":23}},"24":{"start":{"line":47,"column":13},"end":{"line":47,"column":14}},"25":{"start":{"line":48,"column":2},"end":{"line":53,"column":3}},"26":{"start":{"line":48,"column":15},"end":{"line":48,"column":16}},"27":{"start":{"line":49,"column":4},"end":{"line":52,"column":5}},"28":{"start":{"line":50,"column":6},"end":{"line":50,"column":13}},"29":{"start":{"line":51,"column":6},"end":{"line":51,"column":35}},"30":{"start":{"line":51,"column":22},"end":{"line":51,"column":35}},"31":{"start":{"line":54,"column":2},"end":{"line":54,"column":20}},"32":{"start":{"line":70,"column":19},"end":{"line":70,"column":49}},"33":{"start":{"line":71,"column":20},"end":{"line":71,"column":47}},"34":{"start":{"line":73,"column":23},"end":{"line":75,"column":null}},"35":{"start":{"line":74,"column":11},"end":{"line":74,"column":78}},"36":{"start":{"line":78,"column":23},"end":{"line":91,"column":null}},"37":{"start":{"line":80,"column":20},"end":{"line":80,"column":28}},"38":{"start":{"line":81,"column":23},"end":{"line":81,"column":34}},"39":{"start":{"line":82,"column":24},"end":{"line":82,"column":63}},"40":{"start":{"line":86,"column":6},"end":{"line":86,"column":64}},"41":{"start":{"line":88,"column":22},"end":{"line":88,"column":41}},"42":{"start":{"line":89,"column":6},"end":{"line":89,"column":30}},"43":{"start":{"line":95,"column":2},"end":{"line":105,"column":5}},"44":{"start":{"line":96,"column":18},"end":{"line":96,"column":34}},"45":{"start":{"line":97,"column":4},"end":{"line":97,"column":53}},"46":{"start":{"line":97,"column":46},"end":{"line":97,"column":53}},"47":{"start":{"line":99,"column":24},"end":{"line":99,"column":41}},"48":{"start":{"line":100,"column":22},"end":{"line":100,"column":33}},"49":{"start":{"line":101,"column":24},"end":{"line":101,"column":54}},"50":{"start":{"line":102,"column":20},"end":{"line":102,"column":91}},"51":{"start":{"line":103,"column":4},"end":{"line":103,"column":46}},"52":{"start":{"line":104,"column":4},"end":{"line":104,"column":29}},"53":{"start":{"line":107,"column":24},"end":{"line":107,"column":95}},"54":{"start":{"line":109,"column":2},"end":{"line":137,"column":4}}},"fnMap":{"0":{"name":"formatSats","decl":{"start":{"line":9,"column":9},"end":{"line":9,"column":19}},"loc":{"start":{"line":9,"column":65},"end":{"line":23,"column":1}}},"1":{"name":"parseSats","decl":{"start":{"line":28,"column":9},"end":{"line":28,"column":18}},"loc":{"start":{"line":28,"column":34},"end":{"line":33,"column":1}}},"2":{"name":"countDigitsAfter","decl":{"start":{"line":36,"column":9},"end":{"line":36,"column":25}},"loc":{"start":{"line":36,"column":52},"end":{"line":42,"column":1}}},"3":{"name":"charPosAfterNthDigit","decl":{"start":{"line":45,"column":9},"end":{"line":45,"column":29}},"loc":{"start":{"line":45,"column":52},"end":{"line":55,"column":1}}},"4":{"name":"BTCInput","decl":{"start":{"line":57,"column":16},"end":{"line":57,"column":24}},"loc":{"start":{"line":69,"column":16},"end":{"line":138,"column":1}}},"5":{"name":"(anonymous_5)","decl":{"start":{"line":74,"column":4},"end":{"line":74,"column":7}},"loc":{"start":{"line":74,"column":11},"end":{"line":74,"column":78}}},"6":{"name":"(anonymous_6)","decl":{"start":{"line":79,"column":4},"end":{"line":79,"column":5}},"loc":{"start":{"line":79,"column":47},"end":{"line":90,"column":5}}},"7":{"name":"(anonymous_7)","decl":{"start":{"line":95,"column":18},"end":{"line":95,"column":21}},"loc":{"start":{"line":95,"column":23},"end":{"line":105,"column":3}}}},"branchMap":{"0":{"loc":{"start":{"line":10,"column":60},"end":{"line":10,"column":82}},"type":"cond-expr","locations":[{"start":{"line":10,"column":74},"end":{"line":10,"column":75}},{"start":{"line":10,"column":78},"end":{"line":10,"column":82}}]},"1":{"loc":{"start":{"line":14,"column":18},"end":{"line":14,"column":53}},"type":"binary-expr","locations":[{"start":{"line":14,"column":18},"end":{"line":14,"column":46}},{"start":{"line":14,"column":50},"end":{"line":14,"column":53}}]},"2":{"loc":{"start":{"line":31,"column":2},"end":{"line":31,"column":30}},"type":"if","locations":[{"start":{"line":31,"column":2},"end":{"line":31,"column":30}}]},"3":{"loc":{"start":{"line":39,"column":4},"end":{"line":39,"column":48}},"type":"if","locations":[{"start":{"line":39,"column":4},"end":{"line":39,"column":48}}]},"4":{"loc":{"start":{"line":39,"column":8},"end":{"line":39,"column":38}},"type":"binary-expr","locations":[{"start":{"line":39,"column":8},"end":{"line":39,"column":21}},{"start":{"line":39,"column":25},"end":{"line":39,"column":38}}]},"5":{"loc":{"start":{"line":46,"column":2},"end":{"line":46,"column":23}},"type":"if","locations":[{"start":{"line":46,"column":2},"end":{"line":46,"column":23}}]},"6":{"loc":{"start":{"line":49,"column":4},"end":{"line":52,"column":5}},"type":"if","locations":[{"start":{"line":49,"column":4},"end":{"line":52,"column":5}}]},"7":{"loc":{"start":{"line":49,"column":8},"end":{"line":49,"column":38}},"type":"binary-expr","locations":[{"start":{"line":49,"column":8},"end":{"line":49,"column":21}},{"start":{"line":49,"column":25},"end":{"line":49,"column":38}}]},"8":{"loc":{"start":{"line":51,"column":6},"end":{"line":51,"column":35}},"type":"if","locations":[{"start":{"line":51,"column":6},"end":{"line":51,"column":35}}]},"9":{"loc":{"start":{"line":60,"column":2},"end":{"line":60,"column":30}},"type":"default-arg","locations":[{"start":{"line":60,"column":16},"end":{"line":60,"column":30}}]},"10":{"loc":{"start":{"line":61,"column":2},"end":{"line":61,"column":27}},"type":"default-arg","locations":[{"start":{"line":61,"column":18},"end":{"line":61,"column":27}}]},"11":{"loc":{"start":{"line":62,"column":2},"end":{"line":62,"column":26}},"type":"default-arg","locations":[{"start":{"line":62,"column":18},"end":{"line":62,"column":26}}]},"12":{"loc":{"start":{"line":63,"column":2},"end":{"line":63,"column":20}},"type":"default-arg","locations":[{"start":{"line":63,"column":17},"end":{"line":63,"column":20}}]},"13":{"loc":{"start":{"line":64,"column":2},"end":{"line":64,"column":18}},"type":"default-arg","locations":[{"start":{"line":64,"column":13},"end":{"line":64,"column":18}}]},"14":{"loc":{"start":{"line":65,"column":2},"end":{"line":65,"column":40}},"type":"default-arg","locations":[{"start":{"line":65,"column":16},"end":{"line":65,"column":40}}]},"15":{"loc":{"start":{"line":66,"column":2},"end":{"line":66,"column":29}},"type":"default-arg","locations":[{"start":{"line":66,"column":14},"end":{"line":66,"column":29}}]},"16":{"loc":{"start":{"line":74,"column":11},"end":{"line":74,"column":78}},"type":"cond-expr","locations":[{"start":{"line":74,"column":26},"end":{"line":74,"column":28}},{"start":{"line":74,"column":31},"end":{"line":74,"column":78}}]},"17":{"loc":{"start":{"line":82,"column":24},"end":{"line":82,"column":63}},"type":"binary-expr","locations":[{"start":{"line":82,"column":24},"end":{"line":82,"column":44}},{"start":{"line":82,"column":48},"end":{"line":82,"column":63}}]},"18":{"loc":{"start":{"line":97,"column":4},"end":{"line":97,"column":53}},"type":"if","locations":[{"start":{"line":97,"column":4},"end":{"line":97,"column":53}}]},"19":{"loc":{"start":{"line":97,"column":8},"end":{"line":97,"column":44}},"type":"binary-expr","locations":[{"start":{"line":97,"column":8},"end":{"line":97,"column":14}},{"start":{"line":97,"column":18},"end":{"line":97,"column":44}}]},"20":{"loc":{"start":{"line":107,"column":66},"end":{"line":107,"column":92}},"type":"cond-expr","locations":[{"start":{"line":107,"column":82},"end":{"line":107,"column":83}},{"start":{"line":107,"column":86},"end":{"line":107,"column":92}}]},"21":{"loc":{"start":{"line":125,"column":15},"end":{"line":125,"column":62}},"type":"cond-expr","locations":[{"start":{"line":125,"column":35},"end":{"line":125,"column":46}},{"start":{"line":125,"column":49},"end":{"line":125,"column":62}}]},"22":{"loc":{"start":{"line":132,"column":17},"end":{"line":132,"column":35}},"type":"cond-expr","locations":[{"start":{"line":132,"column":28},"end":{"line":132,"column":31}},{"start":{"line":132,"column":34},"end":{"line":132,"column":35}}]},"23":{"loc":{"start":{"line":133,"column":16},"end":{"line":133,"column":49}},"type":"cond-expr","locations":[{"start":{"line":133,"column":27},"end":{"line":133,"column":40}},{"start":{"line":133,"column":43},"end":{"line":133,"column":49}}]}},"s":{"0":1,"1":1,"2":1,"3":2,"4":2,"5":2,"6":2,"7":2,"8":2,"9":2,"10":2,"11":10,"12":10,"13":10,"14":3,"15":7,"16":10,"17":10,"18":10,"19":0,"20":0,"21":10,"22":0,"23":0,"24":0,"25":0,"26":0,"27":0,"28":0,"29":0,"30":0,"31":0,"32":10,"33":10,"34":10,"35":10,"36":10,"37":10,"38":10,"39":10,"40":10,"41":10,"42":10,"43":10,"44":10,"45":10,"46":10,"47":0,"48":0,"49":0,"50":0,"51":0,"52":0,"53":10,"54":10},"f":{"0":2,"1":10,"2":10,"3":0,"4":10,"5":10,"6":10,"7":10},"b":{"0":[0,2],"1":[2,0],"2":[3],"3":[0],"4":[0,0],"5":[0],"6":[0],"7":[0,0],"8":[0],"9":[10],"10":[10],"11":[10],"12":[10],"13":[9],"14":[9],"15":[9],"16":[8,2],"17":[10,0],"18":[10],"19":[10,10],"20":[0,10],"21":[2,8],"22":[1,9],"23":[1,9]}}
,"/Users/stefano/Documents/bitcoin-ui-lib/src/components/BalanceDisplay/BalanceDisplay.tsx": {"path":"/Users/stefano/Documents/bitcoin-ui-lib/src/components/BalanceDisplay/BalanceDisplay.tsx","statementMap":{"0":{"start":{"line":16,"column":0},"end":{"line":16,"column":16}},"1":{"start":{"line":1,"column":0},"end":{"line":1,"column":33}},"2":{"start":{"line":2,"column":0},"end":{"line":2,"column":55}},"3":{"start":{"line":4,"column":0},"end":{"line":4,"column":51}},"4":{"start":{"line":9,"column":2},"end":{"line":9,"column":95}},"5":{"start":{"line":13,"column":2},"end":{"line":13,"column":92}},"6":{"start":{"line":32,"column":18},"end":{"line":32,"column":41}},"7":{"start":{"line":33,"column":24},"end":{"line":33,"column":75}},"8":{"start":{"line":35,"column":42},"end":{"line":35,"column":63}},"9":{"start":{"line":36,"column":22},"end":{"line":36,"column":52}},"10":{"start":{"line":38,"column":23},"end":{"line":45,"column":3}},"11":{"start":{"line":39,"column":16},"end":{"line":39,"column":42}},"12":{"start":{"line":40,"column":17},"end":{"line":40,"column":48}},"13":{"start":{"line":41,"column":4},"end":{"line":43,"column":5}},"14":{"start":{"line":42,"column":6},"end":{"line":42,"column":28}},"15":{"start":{"line":44,"column":4},"end":{"line":44,"column":25}},"16":{"start":{"line":47,"column":16},"end":{"line":47,"column":96}},"17":{"start":{"line":49,"column":2},"end":{"line":111,"column":4}}},"fnMap":{"0":{"name":"formatSatsNumber","decl":{"start":{"line":8,"column":9},"end":{"line":8,"column":25}},"loc":{"start":{"line":8,"column":54},"end":{"line":10,"column":1}}},"1":{"name":"formatFiat","decl":{"start":{"line":12,"column":9},"end":{"line":12,"column":19}},"loc":{"start":{"line":12,"column":63},"end":{"line":14,"column":1}}},"2":{"name":"BalanceDisplay","decl":{"start":{"line":16,"column":16},"end":{"line":16,"column":30}},"loc":{"start":{"line":31,"column":22},"end":{"line":112,"column":1}}},"3":{"name":"(anonymous_3)","decl":{"start":{"line":38,"column":23},"end":{"line":38,"column":26}},"loc":{"start":{"line":38,"column":28},"end":{"line":45,"column":3}}}},"branchMap":{"0":{"loc":{"start":{"line":9,"column":69},"end":{"line":9,"column":91}},"type":"cond-expr","locations":[{"start":{"line":9,"column":83},"end":{"line":9,"column":84}},{"start":{"line":9,"column":87},"end":{"line":9,"column":91}}]},"1":{"loc":{"start":{"line":19,"column":2},"end":{"line":19,"column":18}},"type":"default-arg","locations":[{"start":{"line":19,"column":13},"end":{"line":19,"column":18}}]},"2":{"loc":{"start":{"line":20,"column":2},"end":{"line":20,"column":22}},"type":"default-arg","locations":[{"start":{"line":20,"column":15},"end":{"line":20,"column":22}}]},"3":{"loc":{"start":{"line":23,"column":2},"end":{"line":23,"column":30}},"type":"default-arg","locations":[{"start":{"line":23,"column":16},"end":{"line":23,"column":30}}]},"4":{"loc":{"start":{"line":24,"column":2},"end":{"line":24,"column":24}},"type":"default-arg","locations":[{"start":{"line":24,"column":15},"end":{"line":24,"column":24}}]},"5":{"loc":{"start":{"line":25,"column":2},"end":{"line":25,"column":19}},"type":"default-arg","locations":[{"start":{"line":25,"column":15},"end":{"line":25,"column":19}}]},"6":{"loc":{"start":{"line":26,"column":2},"end":{"line":26,"column":18}},"type":"default-arg","locations":[{"start":{"line":26,"column":13},"end":{"line":26,"column":18}}]},"7":{"loc":{"start":{"line":27,"column":2},"end":{"line":27,"column":20}},"type":"default-arg","locations":[{"start":{"line":27,"column":14},"end":{"line":27,"column":20}}]},"8":{"loc":{"start":{"line":28,"column":2},"end":{"line":28,"column":41}},"type":"default-arg","locations":[{"start":{"line":28,"column":20},"end":{"line":28,"column":41}}]},"9":{"loc":{"start":{"line":33,"column":24},"end":{"line":33,"column":75}},"type":"cond-expr","locations":[{"start":{"line":33,"column":34},"end":{"line":33,"column":57}},{"start":{"line":33,"column":60},"end":{"line":33,"column":75}}]},"10":{"loc":{"start":{"line":36,"column":22},"end":{"line":36,"column":52}},"type":"binary-expr","locations":[{"start":{"line":36,"column":22},"end":{"line":36,"column":36}},{"start":{"line":36,"column":40},"end":{"line":36,"column":52}}]},"11":{"loc":{"start":{"line":41,"column":4},"end":{"line":43,"column":5}},"type":"if","locations":[{"start":{"line":41,"column":4},"end":{"line":43,"column":5}}]},"12":{"loc":{"start":{"line":47,"column":16},"end":{"line":47,"column":96}},"type":"cond-expr","locations":[{"start":{"line":47,"column":40},"end":{"line":47,"column":48}},{"start":{"line":47,"column":51},"end":{"line":47,"column":96}}]},"13":{"loc":{"start":{"line":47,"column":51},"end":{"line":47,"column":96}},"type":"cond-expr","locations":[{"start":{"line":47,"column":76},"end":{"line":47,"column":85}},{"start":{"line":47,"column":88},"end":{"line":47,"column":96}}]},"14":{"loc":{"start":{"line":70,"column":13},"end":{"line":71,"column":null}},"type":"binary-expr","locations":[{"start":{"line":70,"column":13},"end":{"line":70,"column":34}},{"start":{"line":71,"column":14},"end":{"line":71,"column":85}}]},"15":{"loc":{"start":{"line":73,"column":13},"end":{"line":76,"column":null}},"type":"binary-expr","locations":[{"start":{"line":73,"column":13},"end":{"line":73,"column":35}},{"start":{"line":74,"column":14},"end":{"line":75,"column":null}}]},"16":{"loc":{"start":{"line":78,"column":13},"end":{"line":81,"column":null}},"type":"binary-expr","locations":[{"start":{"line":78,"column":13},"end":{"line":78,"column":35}},{"start":{"line":78,"column":39},"end":{"line":78,"column":62}},{"start":{"line":79,"column":14},"end":{"line":80,"column":null}}]},"17":{"loc":{"start":{"line":86,"column":7},"end":{"line":108,"column":null}},"type":"cond-expr","locations":[{"start":{"line":87,"column":8},"end":{"line":103,"column":null}},{"start":{"line":106,"column":8},"end":{"line":107,"column":null}}]}},"s":{"0":1,"1":1,"2":1,"3":1,"4":18,"5":6,"6":33,"7":33,"8":33,"9":33,"10":33,"11":13,"12":13,"13":13,"14":12,"15":13,"16":33,"17":33},"f":{"0":18,"1":6,"2":33,"3":13},"b":{"0":[0,18],"1":[30],"2":[30],"3":[33],"4":[32],"5":[32],"6":[31],"7":[31],"8":[32],"9":[10,23],"10":[33,30],"11":[12],"12":[21,12],"13":[9,3],"14":[33,21],"15":[33,9],"16":[33,3,3],"17":[32,1]}}
,"/Users/stefano/Documents/bitcoin-ui-lib/src/components/ConfirmationBadge/ConfirmationBadge.tsx": {"path":"/Users/stefano/Documents/bitcoin-ui-lib/src/components/ConfirmationBadge/ConfirmationBadge.tsx","statementMap":{"0":{"start":{"line":3,"column":0},"end":{"line":3,"column":16}},"1":{"start":{"line":17,"column":18},"end":{"line":17,"column":56}},"2":{"start":{"line":18,"column":24},"end":{"line":18,"column":37}},"3":{"start":{"line":19,"column":22},"end":{"line":19,"column":42}},"4":{"start":{"line":21,"column":16},"end":{"line":25,"column":23}},"5":{"start":{"line":28,"column":2},"end":{"line":34,"column":3}},"6":{"start":{"line":29,"column":4},"end":{"line":29,"column":29}},"7":{"start":{"line":30,"column":9},"end":{"line":34,"column":3}},"8":{"start":{"line":31,"column":4},"end":{"line":31,"column":27}},"9":{"start":{"line":33,"column":4},"end":{"line":33,"column":55}},"10":{"start":{"line":36,"column":20},"end":{"line":40,"column":69}},"11":{"start":{"line":42,"column":2},"end":{"line":58,"column":4}}},"fnMap":{"0":{"name":"ConfirmationBadge","decl":{"start":{"line":3,"column":16},"end":{"line":3,"column":33}},"loc":{"start":{"line":16,"column":25},"end":{"line":59,"column":1}}}},"branchMap":{"0":{"loc":{"start":{"line":5,"column":2},"end":{"line":5,"column":15}},"type":"default-arg","locations":[{"start":{"line":5,"column":14},"end":{"line":5,"column":15}}]},"1":{"loc":{"start":{"line":6,"column":2},"end":{"line":6,"column":30}},"type":"default-arg","locations":[{"start":{"line":6,"column":21},"end":{"line":6,"column":30}}]},"2":{"loc":{"start":{"line":7,"column":2},"end":{"line":7,"column":29}},"type":"default-arg","locations":[{"start":{"line":7,"column":20},"end":{"line":7,"column":29}}]},"3":{"loc":{"start":{"line":8,"column":2},"end":{"line":8,"column":28}},"type":"default-arg","locations":[{"start":{"line":8,"column":19},"end":{"line":8,"column":28}}]},"4":{"loc":{"start":{"line":9,"column":2},"end":{"line":9,"column":34}},"type":"default-arg","locations":[{"start":{"line":9,"column":21},"end":{"line":9,"column":34}}]},"5":{"loc":{"start":{"line":10,"column":2},"end":{"line":10,"column":30}},"type":"default-arg","locations":[{"start":{"line":10,"column":19},"end":{"line":10,"column":30}}]},"6":{"loc":{"start":{"line":12,"column":2},"end":{"line":12,"column":18}},"type":"default-arg","locations":[{"start":{"line":12,"column":14},"end":{"line":12,"column":18}}]},"7":{"loc":{"start":{"line":13,"column":2},"end":{"line":13,"column":24}},"type":"default-arg","locations":[{"start":{"line":13,"column":15},"end":{"line":13,"column":24}}]},"8":{"loc":{"start":{"line":21,"column":16},"end":{"line":25,"column":23}},"type":"cond-expr","locations":[{"start":{"line":22,"column":6},"end":{"line":22,"column":22}},{"start":{"line":23,"column":6},"end":{"line":25,"column":23}}]},"9":{"loc":{"start":{"line":23,"column":6},"end":{"line":25,"column":23}},"type":"cond-expr","locations":[{"start":{"line":24,"column":8},"end":{"line":24,"column":22}},{"start":{"line":25,"column":8},"end":{"line":25,"column":23}}]},"10":{"loc":{"start":{"line":28,"column":2},"end":{"line":34,"column":3}},"type":"if","locations":[{"start":{"line":28,"column":2},"end":{"line":34,"column":3}},{"start":{"line":30,"column":9},"end":{"line":34,"column":3}}]},"11":{"loc":{"start":{"line":30,"column":9},"end":{"line":34,"column":3}},"type":"if","locations":[{"start":{"line":30,"column":9},"end":{"line":34,"column":3}},{"start":{"line":32,"column":9},"end":{"line":34,"column":3}}]},"12":{"loc":{"start":{"line":33,"column":12},"end":{"line":33,"column":54}},"type":"cond-expr","locations":[{"start":{"line":33,"column":24},"end":{"line":33,"column":49}},{"start":{"line":33,"column":52},"end":{"line":33,"column":54}}]},"13":{"loc":{"start":{"line":36,"column":20},"end":{"line":40,"column":69}},"type":"cond-expr","locations":[{"start":{"line":37,"column":6},"end":{"line":37,"column":22}},{"start":{"line":38,"column":6},"end":{"line":40,"column":69}}]},"14":{"loc":{"start":{"line":38,"column":6},"end":{"line":40,"column":69}},"type":"cond-expr","locations":[{"start":{"line":39,"column":8},"end":{"line":39,"column":22}},{"start":{"line":40,"column":8},"end":{"line":40,"column":69}}]},"15":{"loc":{"start":{"line":40,"column":8},"end":{"line":40,"column":69}},"type":"binary-expr","locations":[{"start":{"line":40,"column":8},"end":{"line":40,"column":23}},{"start":{"line":40,"column":27},"end":{"line":40,"column":69}}]}},"s":{"0":1,"1":16,"2":16,"3":16,"4":16,"5":16,"6":5,"7":11,"8":5,"9":6,"10":16,"11":16},"f":{"0":16},"b":{"0":[15],"1":[15],"2":[15],"3":[15],"4":[15],"5":[16],"6":[15],"7":[16],"8":[5,11],"9":[5,6],"10":[5,11],"11":[5,6],"12":[5,1],"13":[5,11],"14":[5,6],"15":[6,5]}}
,"/Users/stefano/Documents/bitcoin-ui-lib/src/components/SeedPhraseInput/SeedPhraseInput.tsx": {"path":"/Users/stefano/Documents/bitcoin-ui-lib/src/components/SeedPhraseInput/SeedPhraseInput.tsx","statementMap":{"0":{"start":{"line":27,"column":0},"end":{"line":27,"column":16}},"1":{"start":{"line":1,"column":0},"end":{"line":1,"column":74}},"2":{"start":{"line":3,"column":0},"end":{"line":3,"column":66}},"3":{"start":{"line":5,"column":23},"end":{"line":5,"column":54}},"4":{"start":{"line":6,"column":24},"end":{"line":6,"column":25}},"5":{"start":{"line":7,"column":22},"end":{"line":7,"column":25}},"6":{"start":{"line":11,"column":2},"end":{"line":11,"column":37}},"7":{"start":{"line":11,"column":27},"end":{"line":11,"column":37}},"8":{"start":{"line":12,"column":11},"end":{"line":12,"column":12}},"9":{"start":{"line":13,"column":11},"end":{"line":13,"column":26}},"10":{"start":{"line":14,"column":2},"end":{"line":18,"column":3}},"11":{"start":{"line":15,"column":16},"end":{"line":15,"column":31}},"12":{"start":{"line":16,"column":4},"end":{"line":17,"column":18}},"13":{"start":{"line":16,"column":32},"end":{"line":16,"column":45}},"14":{"start":{"line":17,"column":9},"end":{"line":17,"column":18}},"15":{"start":{"line":19,"column":27},"end":{"line":19,"column":29}},"16":{"start":{"line":20,"column":2},"end":{"line":23,"column":3}},"17":{"start":{"line":20,"column":15},"end":{"line":20,"column":17}},"18":{"start":{"line":21,"column":4},"end":{"line":22,"column":15}},"19":{"start":{"line":21,"column":40},"end":{"line":21,"column":65}},"20":{"start":{"line":22,"column":9},"end":{"line":22,"column":15}},"21":{"start":{"line":24,"column":2},"end":{"line":24,"column":16}},"22":{"start":{"line":41,"column":40},"end":{"line":41,"column":69}},"23":{"start":{"line":42,"column":50},"end":{"line":42,"column":62}},"24":{"start":{"line":43,"column":20},"end":{"line":43,"column":59}},"25":{"start":{"line":44,"column":25},"end":{"line":44,"column":75}},"26":{"start":{"line":45,"column":26},"end":{"line":45,"column":39}},"27":{"start":{"line":46,"column":19},"end":{"line":46,"column":32}},"28":{"start":{"line":47,"column":2},"end":{"line":47,"column":27}},"29":{"start":{"line":49,"column":28},"end":{"line":49,"column":97}},"30":{"start":{"line":49,"column":42},"end":{"line":49,"column":80}},"31":{"start":{"line":50,"column":27},"end":{"line":50,"column":89}},"32":{"start":{"line":50,"column":41},"end":{"line":50,"column":67}},"33":{"start":{"line":53,"column":2},"end":{"line":57,"column":9}},"34":{"start":{"line":54,"column":4},"end":{"line":56,"column":6}},"35":{"start":{"line":55,"column":6},"end":{"line":55,"column":71}},"36":{"start":{"line":55,"column":34},"end":{"line":55,"column":71}},"37":{"start":{"line":60,"column":26},"end":{"line":64,"column":24}},"38":{"start":{"line":61,"column":16},"end":{"line":61,"column":41}},"39":{"start":{"line":62,"column":4},"end":{"line":62,"column":48}},"40":{"start":{"line":62,"column":35},"end":{"line":62,"column":48}},"41":{"start":{"line":63,"column":4},"end":{"line":63,"column":15}},"42":{"start":{"line":66,"column":23},"end":{"line":72,"column":null}},"43":{"start":{"line":68,"column":22},"end":{"line":68,"column":43}},"44":{"start":{"line":69,"column":6},"end":{"line":69,"column":29}},"45":{"start":{"line":70,"column":6},"end":{"line":70,"column":29}},"46":{"start":{"line":75,"column":25},"end":{"line":84,"column":null}},"47":{"start":{"line":77,"column":6},"end":{"line":82,"column":7}},"48":{"start":{"line":77,"column":19},"end":{"line":77,"column":33}},"49":{"start":{"line":78,"column":8},"end":{"line":81,"column":9}},"50":{"start":{"line":79,"column":10},"end":{"line":79,"column":40}},"51":{"start":{"line":80,"column":10},"end":{"line":80,"column":17}},"52":{"start":{"line":87,"column":23},"end":{"line":95,"column":null}},"53":{"start":{"line":89,"column":22},"end":{"line":89,"column":43}},"54":{"start":{"line":90,"column":6},"end":{"line":90,"column":28}},"55":{"start":{"line":91,"column":6},"end":{"line":91,"column":29}},"56":{"start":{"line":92,"column":6},"end":{"line":92,"column":27}},"57":{"start":{"line":93,"column":6},"end":{"line":93,"column":37}},"58":{"start":{"line":98,"column":22},"end":{"line":102,"column":55}},"59":{"start":{"line":99,"column":4},"end":{"line":99,"column":40}},"60":{"start":{"line":99,"column":30},"end":{"line":99,"column":40}},"61":{"start":{"line":100,"column":19},"end":{"line":100,"column":69}},"62":{"start":{"line":101,"column":4},"end":{"line":101,"column":54}},"63":{"start":{"line":104,"column":25},"end":{"line":104,"column":44}},"64":{"start":{"line":105,"column":2},"end":{"line":105,"column":39}},"65":{"start":{"line":108,"column":2},"end":{"line":110,"column":33}},"66":{"start":{"line":109,"column":4},"end":{"line":109,"column":28}},"67":{"start":{"line":112,"column":24},"end":{"line":142,"column":null}},"68":{"start":{"line":114,"column":18},"end":{"line":114,"column":40}},"69":{"start":{"line":115,"column":6},"end":{"line":115,"column":35}},"70":{"start":{"line":115,"column":28},"end":{"line":115,"column":35}},"71":{"start":{"line":117,"column":6},"end":{"line":140,"column":7}},"72":{"start":{"line":119,"column":10},"end":{"line":119,"column":29}},"73":{"start":{"line":120,"column":10},"end":{"line":120,"column":65}},"74":{"start":{"line":120,"column":40},"end":{"line":120,"column":63}},"75":{"start":{"line":121,"column":10},"end":{"line":121,"column":16}},"76":{"start":{"line":123,"column":10},"end":{"line":123,"column":29}},"77":{"start":{"line":124,"column":10},"end":{"line":124,"column":81}},"78":{"start":{"line":124,"column":41},"end":{"line":124,"column":78}},"79":{"start":{"line":125,"column":10},"end":{"line":125,"column":16}},"80":{"start":{"line":127,"column":10},"end":{"line":127,"column":29}},"81":{"start":{"line":128,"column":10},"end":{"line":132,"column":11}},"82":{"start":{"line":129,"column":12},"end":{"line":129,"column":55}},"83":{"start":{"line":130,"column":17},"end":{"line":132,"column":11}},"84":{"start":{"line":131,"column":12},"end":{"line":131,"column":40}},"85":{"start":{"line":133,"column":10},"end":{"line":133,"column":34}},"86":{"start":{"line":134,"column":10},"end":{"line":134,"column":16}},"87":{"start":{"line":136,"column":10},"end":{"line":136,"column":29}},"88":{"start":{"line":137,"column":10},"end":{"line":137,"column":31}},"89":{"start":{"line":138,"column":10},"end":{"line":138,"column":34}},"90":{"start":{"line":139,"column":10},"end":{"line":139,"column":16}},"91":{"start":{"line":145,"column":2},"end":{"line":155,"column":65}},"92":{"start":{"line":146,"column":4},"end":{"line":146,"column":28}},"93":{"start":{"line":146,"column":21},"end":{"line":146,"column":28}},"94":{"start":{"line":147,"column":26},"end":{"line":147,"column":61}},"95":{"start":{"line":148,"column":21},"end":{"line":149,"column":null}},"96":{"start":{"line":149,"column":13},"end":{"line":149,"column":48}},"97":{"start":{"line":151,"column":4},"end":{"line":153,"column":5}},"98":{"start":{"line":152,"column":6},"end":{"line":152,"column":32}},"99":{"start":{"line":154,"column":4},"end":{"line":154,"column":39}},"100":{"start":{"line":157,"column":2},"end":{"line":290,"column":4}},"101":{"start":{"line":172,"column":8},"end":{"line":173,"column":null}},"102":{"start":{"line":200,"column":18},"end":{"line":200,"column":44}},"103":{"start":{"line":218,"column":33},"end":{"line":218,"column":64}},"104":{"start":{"line":220,"column":18},"end":{"line":223,"column":19}},"105":{"start":{"line":221,"column":20},"end":{"line":221,"column":57}},"106":{"start":{"line":222,"column":20},"end":{"line":222,"column":50}},"107":{"start":{"line":224,"column":18},"end":{"line":224,"column":36}},"108":{"start":{"line":227,"column":18},"end":{"line":230,"column":36}},"109":{"start":{"line":228,"column":20},"end":{"line":228,"column":41}},"110":{"start":{"line":229,"column":20},"end":{"line":229,"column":50}},"111":{"start":{"line":232,"column":34},"end":{"line":232,"column":53}},"112":{"start":{"line":268,"column":20},"end":{"line":269,"column":null}},"113":{"start":{"line":273,"column":42},"end":{"line":273,"column":60}},"114":{"start":{"line":274,"column":37},"end":{"line":274,"column":58}}},"fnMap":{"0":{"name":"findSuggestions","decl":{"start":{"line":10,"column":9},"end":{"line":10,"column":24}},"loc":{"start":{"line":10,"column":68},"end":{"line":25,"column":1}}},"1":{"name":"SeedPhraseInput","decl":{"start":{"line":27,"column":16},"end":{"line":27,"column":31}},"loc":{"start":{"line":40,"column":23},"end":{"line":291,"column":1}}},"2":{"name":"(anonymous_2)","decl":{"start":{"line":49,"column":36},"end":{"line":49,"column":39}},"loc":{"start":{"line":49,"column":42},"end":{"line":49,"column":80}}},"3":{"name":"(anonymous_3)","decl":{"start":{"line":50,"column":35},"end":{"line":50,"column":38}},"loc":{"start":{"line":50,"column":41},"end":{"line":50,"column":67}}},"4":{"name":"(anonymous_4)","decl":{"start":{"line":53,"column":12},"end":{"line":53,"column":15}},"loc":{"start":{"line":53,"column":17},"end":{"line":57,"column":3}}},"5":{"name":"(anonymous_5)","decl":{"start":{"line":54,"column":11},"end":{"line":54,"column":14}},"loc":{"start":{"line":54,"column":16},"end":{"line":56,"column":5}}},"6":{"name":"(anonymous_6)","decl":{"start":{"line":60,"column":34},"end":{"line":60,"column":37}},"loc":{"start":{"line":60,"column":39},"end":{"line":64,"column":3}}},"7":{"name":"(anonymous_7)","decl":{"start":{"line":67,"column":4},"end":{"line":67,"column":5}},"loc":{"start":{"line":67,"column":37},"end":{"line":71,"column":5}}},"8":{"name":"(anonymous_8)","decl":{"start":{"line":76,"column":4},"end":{"line":76,"column":5}},"loc":{"start":{"line":76,"column":51},"end":{"line":83,"column":5}}},"9":{"name":"(anonymous_9)","decl":{"start":{"line":88,"column":4},"end":{"line":88,"column":5}},"loc":{"start":{"line":88,"column":36},"end":{"line":94,"column":5}}},"10":{"name":"(anonymous_10)","decl":{"start":{"line":98,"column":30},"end":{"line":98,"column":33}},"loc":{"start":{"line":98,"column":35},"end":{"line":102,"column":3}}},"11":{"name":"(anonymous_11)","decl":{"start":{"line":108,"column":12},"end":{"line":108,"column":15}},"loc":{"start":{"line":108,"column":17},"end":{"line":110,"column":3}}},"12":{"name":"(anonymous_12)","decl":{"start":{"line":113,"column":4},"end":{"line":113,"column":5}},"loc":{"start":{"line":113,"column":64},"end":{"line":141,"column":5}}},"13":{"name":"(anonymous_13)","decl":{"start":{"line":120,"column":30},"end":{"line":120,"column":31}},"loc":{"start":{"line":120,"column":40},"end":{"line":120,"column":63}}},"14":{"name":"(anonymous_14)","decl":{"start":{"line":124,"column":30},"end":{"line":124,"column":31}},"loc":{"start":{"line":124,"column":41},"end":{"line":124,"column":78}}},"15":{"name":"(anonymous_15)","decl":{"start":{"line":145,"column":12},"end":{"line":145,"column":15}},"loc":{"start":{"line":145,"column":17},"end":{"line":155,"column":3}}},"16":{"name":"(anonymous_16)","decl":{"start":{"line":149,"column":6},"end":{"line":149,"column":7}},"loc":{"start":{"line":149,"column":13},"end":{"line":149,"column":48}}},"17":{"name":"(anonymous_17)","decl":{"start":{"line":171,"column":41},"end":{"line":171,"column":42}},"loc":{"start":{"line":172,"column":8},"end":{"line":173,"column":null}}},"18":{"name":"(anonymous_18)","decl":{"start":{"line":199,"column":21},"end":{"line":199,"column":22}},"loc":{"start":{"line":199,"column":28},"end":{"line":201,"column":17}}},"19":{"name":"(anonymous_19)","decl":{"start":{"line":218,"column":26},"end":{"line":218,"column":27}},"loc":{"start":{"line":218,"column":33},"end":{"line":218,"column":64}}},"20":{"name":"(anonymous_20)","decl":{"start":{"line":219,"column":25},"end":{"line":219,"column":28}},"loc":{"start":{"line":219,"column":30},"end":{"line":225,"column":17}}},"21":{"name":"(anonymous_21)","decl":{"start":{"line":226,"column":24},"end":{"line":226,"column":27}},"loc":{"start":{"line":226,"column":29},"end":{"line":231,"column":17}}},"22":{"name":"(anonymous_22)","decl":{"start":{"line":227,"column":54},"end":{"line":227,"column":57}},"loc":{"start":{"line":227,"column":59},"end":{"line":230,"column":19}}},"23":{"name":"(anonymous_23)","decl":{"start":{"line":232,"column":27},"end":{"line":232,"column":28}},"loc":{"start":{"line":232,"column":34},"end":{"line":232,"column":53}}},"24":{"name":"(anonymous_24)","decl":{"start":{"line":267,"column":35},"end":{"line":267,"column":36}},"loc":{"start":{"line":268,"column":20},"end":{"line":269,"column":null}}},"25":{"name":"(anonymous_25)","decl":{"start":{"line":273,"column":35},"end":{"line":273,"column":36}},"loc":{"start":{"line":273,"column":42},"end":{"line":273,"column":60}}},"26":{"name":"(anonymous_26)","decl":{"start":{"line":274,"column":31},"end":{"line":274,"column":34}},"loc":{"start":{"line":274,"column":37},"end":{"line":274,"column":58}}}},"branchMap":{"0":{"loc":{"start":{"line":11,"column":2},"end":{"line":11,"column":37}},"type":"if","locations":[{"start":{"line":11,"column":2},"end":{"line":11,"column":37}}]},"1":{"loc":{"start":{"line":16,"column":4},"end":{"line":17,"column":18}},"type":"if","locations":[{"start":{"line":16,"column":4},"end":{"line":17,"column":18}},{"start":{"line":17,"column":9},"end":{"line":17,"column":18}}]},"2":{"loc":{"start":{"line":20,"column":19},"end":{"line":20,"column":73}},"type":"binary-expr","locations":[{"start":{"line":20,"column":19},"end":{"line":20,"column":38}},{"start":{"line":20,"column":42},"end":{"line":20,"column":73}}]},"3":{"loc":{"start":{"line":21,"column":4},"end":{"line":22,"column":15}},"type":"if","locations":[{"start":{"line":21,"column":4},"end":{"line":22,"column":15}},{"start":{"line":22,"column":9},"end":{"line":22,"column":15}}]},"4":{"loc":{"start":{"line":30,"column":2},"end":{"line":30,"column":16}},"type":"default-arg","locations":[{"start":{"line":30,"column":14},"end":{"line":30,"column":16}}]},"5":{"loc":{"start":{"line":31,"column":2},"end":{"line":31,"column":18}},"type":"default-arg","locations":[{"start":{"line":31,"column":13},"end":{"line":31,"column":18}}]},"6":{"loc":{"start":{"line":33,"column":2},"end":{"line":33,"column":13}},"type":"default-arg","locations":[{"start":{"line":33,"column":12},"end":{"line":33,"column":13}}]},"7":{"loc":{"start":{"line":37,"column":2},"end":{"line":37,"column":28}},"type":"default-arg","locations":[{"start":{"line":37,"column":15},"end":{"line":37,"column":28}}]},"8":{"loc":{"start":{"line":49,"column":42},"end":{"line":49,"column":80}},"type":"binary-expr","locations":[{"start":{"line":49,"column":42},"end":{"line":49,"column":54}},{"start":{"line":49,"column":58},"end":{"line":49,"column":80}}]},"9":{"loc":{"start":{"line":55,"column":6},"end":{"line":55,"column":71}},"type":"if","locations":[{"start":{"line":55,"column":6},"end":{"line":55,"column":71}}]},"10":{"loc":{"start":{"line":78,"column":8},"end":{"line":81,"column":9}},"type":"if","locations":[{"start":{"line":78,"column":8},"end":{"line":81,"column":9}}]},"11":{"loc":{"start":{"line":99,"column":4},"end":{"line":99,"column":40}},"type":"if","locations":[{"start":{"line":99,"column":4},"end":{"line":99,"column":40}}]},"12":{"loc":{"start":{"line":100,"column":20},"end":{"line":100,"column":54}},"type":"binary-expr","locations":[{"start":{"line":100,"column":20},"end":{"line":100,"column":48}},{"start":{"line":100,"column":52},"end":{"line":100,"column":54}}]},"13":{"loc":{"start":{"line":115,"column":6},"end":{"line":115,"column":35}},"type":"if","locations":[{"start":{"line":115,"column":6},"end":{"line":115,"column":35}}]},"14":{"loc":{"start":{"line":117,"column":6},"end":{"line":140,"column":7}},"type":"switch","locations":[{"start":{"line":118,"column":8},"end":{"line":121,"column":16}},{"start":{"line":122,"column":8},"end":{"line":125,"column":16}},{"start":{"line":126,"column":8},"end":{"line":134,"column":16}},{"start":{"line":135,"column":8},"end":{"line":139,"column":16}}]},"15":{"loc":{"start":{"line":124,"column":41},"end":{"line":124,"column":78}},"type":"cond-expr","locations":[{"start":{"line":124,"column":53},"end":{"line":124,"column":67}},{"start":{"line":124,"column":70},"end":{"line":124,"column":78}}]},"16":{"loc":{"start":{"line":128,"column":10},"end":{"line":132,"column":11}},"type":"if","locations":[{"start":{"line":128,"column":10},"end":{"line":132,"column":11}},{"start":{"line":130,"column":17},"end":{"line":132,"column":11}}]},"17":{"loc":{"start":{"line":128,"column":14},"end":{"line":128,"column":68}},"type":"binary-expr","locations":[{"start":{"line":128,"column":14},"end":{"line":128,"column":35}},{"start":{"line":128,"column":39},"end":{"line":128,"column":68}}]},"18":{"loc":{"start":{"line":130,"column":17},"end":{"line":132,"column":11}},"type":"if","locations":[{"start":{"line":130,"column":17},"end":{"line":132,"column":11}}]},"19":{"loc":{"start":{"line":146,"column":4},"end":{"line":146,"column":28}},"type":"if","locations":[{"start":{"line":146,"column":4},"end":{"line":146,"column":28}}]},"20":{"loc":{"start":{"line":148,"column":21},"end":{"line":149,"column":null}},"type":"binary-expr","locations":[{"start":{"line":148,"column":21},"end":{"line":148,"column":54}},{"start":{"line":148,"column":58},"end":{"line":149,"column":null}}]},"21":{"loc":{"start":{"line":149,"column":13},"end":{"line":149,"column":48}},"type":"binary-expr","locations":[{"start":{"line":149,"column":13},"end":{"line":149,"column":21}},{"start":{"line":149,"column":25},"end":{"line":149,"column":48}}]},"22":{"loc":{"start":{"line":151,"column":4},"end":{"line":153,"column":5}},"type":"if","locations":[{"start":{"line":151,"column":4},"end":{"line":153,"column":5}}]},"23":{"loc":{"start":{"line":151,"column":8},"end":{"line":151,"column":44}},"type":"binary-expr","locations":[{"start":{"line":151,"column":8},"end":{"line":151,"column":16}},{"start":{"line":151,"column":20},"end":{"line":151,"column":44}}]},"24":{"loc":{"start":{"line":182,"column":21},"end":{"line":182,"column":60}},"type":"cond-expr","locations":[{"start":{"line":182,"column":32},"end":{"line":182,"column":41}},{"start":{"line":182,"column":44},"end":{"line":182,"column":60}}]},"25":{"loc":{"start":{"line":187,"column":11},"end":{"line":285,"column":null}},"type":"cond-expr","locations":[{"start":{"line":188,"column":12},"end":{"line":194,"column":null}},{"start":{"line":197,"column":12},"end":{"line":284,"column":null}}]},"26":{"loc":{"start":{"line":209,"column":31},"end":{"line":209,"column":74}},"type":"binary-expr","locations":[{"start":{"line":209,"column":31},"end":{"line":209,"column":48}},{"start":{"line":209,"column":52},"end":{"line":209,"column":74}}]},"27":{"loc":{"start":{"line":212,"column":18},"end":{"line":214,"column":31}},"type":"cond-expr","locations":[{"start":{"line":213,"column":22},"end":{"line":213,"column":60}},{"start":{"line":214,"column":22},"end":{"line":214,"column":31}}]},"28":{"loc":{"start":{"line":212,"column":18},"end":{"line":212,"column":60}},"type":"binary-expr","locations":[{"start":{"line":212,"column":18},"end":{"line":212,"column":35}},{"start":{"line":212,"column":39},"end":{"line":212,"column":60}}]},"29":{"loc":{"start":{"line":220,"column":18},"end":{"line":223,"column":19}},"type":"if","locations":[{"start":{"line":220,"column":18},"end":{"line":223,"column":19}}]},"30":{"loc":{"start":{"line":245,"column":15},"end":{"line":283,"column":null}},"type":"binary-expr","locations":[{"start":{"line":245,"column":15},"end":{"line":245,"column":32}},{"start":{"line":245,"column":36},"end":{"line":245,"column":58}},{"start":{"line":246,"column":16},"end":{"line":282,"column":null}}]}},"s":{"0":1,"1":1,"2":1,"3":1,"4":1,"5":1,"6":34,"7":15,"8":19,"9":19,"10":19,"11":228,"12":228,"13":0,"14":228,"15":19,"16":19,"17":19,"18":128,"19":124,"20":4,"21":19,"22":87,"23":87,"24":87,"25":87,"26":87,"27":87,"28":87,"29":87,"30":29,"31":87,"32":29,"33":87,"34":29,"35":29,"36":0,"37":87,"38":51,"39":51,"40":0,"41":51,"42":87,"43":19,"44":19,"45":19,"46":87,"47":4,"48":4,"49":4,"50":4,"51":4,"52":87,"53":4,"54":4,"55":4,"56":4,"57":4,"58":87,"59":65,"60":31,"61":34,"62":34,"63":87,"64":87,"65":87,"66":65,"67":87,"68":23,"69":23,"70":7,"71":16,"72":2,"73":2,"74":2,"75":2,"76":0,"77":0,"78":0,"79":0,"80":2,"81":2,"82":1,"83":1,"84":1,"85":2,"86":2,"87":1,"88":1,"89":1,"90":1,"91":87,"92":51,"93":44,"94":7,"95":7,"96":88,"97":7,"98":3,"99":7,"100":87,"101":1080,"102":1776,"103":19,"104":13,"105":4,"106":4,"107":13,"108":4,"109":0,"110":0,"111":23,"112":156,"113":2,"114":2},"f":{"0":34,"1":87,"2":29,"3":29,"4":29,"5":29,"6":51,"7":19,"8":4,"9":4,"10":65,"11":65,"12":23,"13":2,"14":0,"15":51,"16":88,"17":1080,"18":1776,"19":19,"20":13,"21":4,"22":0,"23":23,"24":156,"25":2,"26":2},"b":{"0":[15],"1":[0,228],"2":[143,143],"3":[124,4],"4":[83],"5":[85],"6":[86],"7":[86],"8":[29,28],"9":[0],"10":[4],"11":[31],"12":[34,0],"13":[7],"14":[2,0,2,1],"15":[0,0],"16":[1,1],"17":[2,1],"18":[1],"19":[44],"20":[7,7],"21":[88,86],"22":[3],"23":[7,4],"24":[24,1056],"25":[24,1056],"26":[1056,49],"27":[2,1054],"28":[1056,49],"29":[4],"30":[1056,49,23]}}
,"/Users/stefano/Documents/bitcoin-ui-lib/src/components/TransactionAmount/TransactionAmount.tsx": {"path":"/Users/stefano/Documents/bitcoin-ui-lib/src/components/TransactionAmount/TransactionAmount.tsx","statementMap":{"0":{"start":{"line":7,"column":0},"end":{"line":7,"column":16}},"1":{"start":{"line":1,"column":0},"end":{"line":1,"column":39}},"2":{"start":{"line":3,"column":0},"end":{"line":3,"column":51}},"3":{"start":{"line":4,"column":0},"end":{"line":4,"column":66}},"4":{"start":{"line":5,"column":0},"end":{"line":5,"column":57}},"5":{"start":{"line":22,"column":21},"end":{"line":22,"column":31}},"6":{"start":{"line":23,"column":21},"end":{"line":23,"column":31}},"7":{"start":{"line":24,"column":22},"end":{"line":24,"column":93}},"8":{"start":{"line":25,"column":15},"end":{"line":25,"column":84}},"9":{"start":{"line":26,"column":20},"end":{"line":26,"column":36}},"10":{"start":{"line":27,"column":19},"end":{"line":27,"column":103}},"11":{"start":{"line":28,"column":20},"end":{"line":28,"column":53}},"12":{"start":{"line":29,"column":27},"end":{"line":29,"column":57}},"13":{"start":{"line":31,"column":17},"end":{"line":37,"column":14}},"14":{"start":{"line":39,"column":2},"end":{"line":65,"column":4}}},"fnMap":{"0":{"name":"TransactionAmount","decl":{"start":{"line":7,"column":16},"end":{"line":7,"column":33}},"loc":{"start":{"line":21,"column":25},"end":{"line":66,"column":1}}}},"branchMap":{"0":{"loc":{"start":{"line":9,"column":2},"end":{"line":9,"column":27}},"type":"default-arg","locations":[{"start":{"line":9,"column":18},"end":{"line":9,"column":27}}]},"1":{"loc":{"start":{"line":10,"column":2},"end":{"line":10,"column":27}},"type":"default-arg","locations":[{"start":{"line":10,"column":18},"end":{"line":10,"column":27}}]},"2":{"loc":{"start":{"line":11,"column":2},"end":{"line":11,"column":27}},"type":"default-arg","locations":[{"start":{"line":11,"column":18},"end":{"line":11,"column":27}}]},"3":{"loc":{"start":{"line":12,"column":2},"end":{"line":12,"column":17}},"type":"default-arg","locations":[{"start":{"line":12,"column":13},"end":{"line":12,"column":17}}]},"4":{"loc":{"start":{"line":14,"column":2},"end":{"line":14,"column":25}},"type":"default-arg","locations":[{"start":{"line":14,"column":19},"end":{"line":14,"column":25}}]},"5":{"loc":{"start":{"line":15,"column":2},"end":{"line":15,"column":24}},"type":"default-arg","locations":[{"start":{"line":15,"column":15},"end":{"line":15,"column":24}}]},"6":{"loc":{"start":{"line":16,"column":2},"end":{"line":16,"column":26}},"type":"default-arg","locations":[{"start":{"line":16,"column":18},"end":{"line":16,"column":26}}]},"7":{"loc":{"start":{"line":17,"column":2},"end":{"line":17,"column":20}},"type":"default-arg","locations":[{"start":{"line":17,"column":17},"end":{"line":17,"column":20}}]},"8":{"loc":{"start":{"line":24,"column":22},"end":{"line":24,"column":93}},"type":"cond-expr","locations":[{"start":{"line":24,"column":35},"end":{"line":24,"column":48}},{"start":{"line":24,"column":51},"end":{"line":24,"column":93}}]},"9":{"loc":{"start":{"line":24,"column":51},"end":{"line":24,"column":93}},"type":"cond-expr","locations":[{"start":{"line":24,"column":64},"end":{"line":24,"column":77}},{"start":{"line":24,"column":80},"end":{"line":24,"column":93}}]},"10":{"loc":{"start":{"line":25,"column":15},"end":{"line":25,"column":84}},"type":"cond-expr","locations":[{"start":{"line":25,"column":40},"end":{"line":25,"column":43}},{"start":{"line":25,"column":46},"end":{"line":25,"column":84}}]},"11":{"loc":{"start":{"line":25,"column":15},"end":{"line":25,"column":37}},"type":"binary-expr","locations":[{"start":{"line":25,"column":15},"end":{"line":25,"column":23}},{"start":{"line":25,"column":27},"end":{"line":25,"column":37}}]},"12":{"loc":{"start":{"line":25,"column":46},"end":{"line":25,"column":84}},"type":"cond-expr","locations":[{"start":{"line":25,"column":71},"end":{"line":25,"column":79}},{"start":{"line":25,"column":82},"end":{"line":25,"column":84}}]},"13":{"loc":{"start":{"line":25,"column":46},"end":{"line":25,"column":68}},"type":"binary-expr","locations":[{"start":{"line":25,"column":46},"end":{"line":25,"column":54}},{"start":{"line":25,"column":58},"end":{"line":25,"column":68}}]},"14":{"loc":{"start":{"line":27,"column":43},"end":{"line":27,"column":75}},"type":"cond-expr","locations":[{"start":{"line":27,"column":62},"end":{"line":27,"column":63}},{"start":{"line":27,"column":66},"end":{"line":27,"column":75}}]},"15":{"loc":{"start":{"line":28,"column":20},"end":{"line":28,"column":53}},"type":"cond-expr","locations":[{"start":{"line":28,"column":34},"end":{"line":28,"column":44}},{"start":{"line":28,"column":47},"end":{"line":28,"column":53}}]},"16":{"loc":{"start":{"line":31,"column":17},"end":{"line":37,"column":14}},"type":"cond-expr","locations":[{"start":{"line":32,"column":6},"end":{"line":32,"column":32}},{"start":{"line":33,"column":6},"end":{"line":37,"column":14}}]},"17":{"loc":{"start":{"line":33,"column":6},"end":{"line":37,"column":14}},"type":"cond-expr","locations":[{"start":{"line":34,"column":8},"end":{"line":34,"column":38}},{"start":{"line":35,"column":8},"end":{"line":37,"column":14}}]},"18":{"loc":{"start":{"line":35,"column":8},"end":{"line":37,"column":14}},"type":"cond-expr","locations":[{"start":{"line":36,"column":10},"end":{"line":36,"column":16}},{"start":{"line":37,"column":10},"end":{"line":37,"column":14}}]},"19":{"loc":{"start":{"line":42,"column":18},"end":{"line":42,"column":53}},"type":"binary-expr","locations":[{"start":{"line":42,"column":18},"end":{"line":42,"column":33}},{"start":{"line":42,"column":37},"end":{"line":42,"column":53}}]},"20":{"loc":{"start":{"line":47,"column":13},"end":{"line":47,"column":41}},"type":"cond-expr","locations":[{"start":{"line":47,"column":22},"end":{"line":47,"column":29}},{"start":{"line":47,"column":32},"end":{"line":47,"column":41}}]},"21":{"loc":{"start":{"line":53,"column":7},"end":{"line":53,"column":52}},"type":"binary-expr","locations":[{"start":{"line":53,"column":7},"end":{"line":53,"column":13}},{"start":{"line":53,"column":17},"end":{"line":53,"column":42}},{"start":{"line":53,"column":46},"end":{"line":53,"column":52}}]},"22":{"loc":{"start":{"line":54,"column":7},"end":{"line":54,"column":34}},"type":"binary-expr","locations":[{"start":{"line":54,"column":7},"end":{"line":54,"column":11}},{"start":{"line":54,"column":15},"end":{"line":54,"column":34}}]},"23":{"loc":{"start":{"line":63,"column":7},"end":{"line":63,"column":53}},"type":"binary-expr","locations":[{"start":{"line":63,"column":7},"end":{"line":63,"column":13}},{"start":{"line":63,"column":17},"end":{"line":63,"column":43}},{"start":{"line":63,"column":47},"end":{"line":63,"column":53}}]}},"s":{"0":1,"1":1,"2":1,"3":1,"4":1,"5":11,"6":11,"7":11,"8":11,"9":11,"10":11,"11":11,"12":11,"13":11,"14":11},"f":{"0":11},"b":{"0":[10],"1":[10],"2":[11],"3":[10],"4":[11],"5":[11],"6":[11],"7":[11],"8":[7,4],"9":[3,1],"10":[6,5],"11":[11,10],"12":[3,2],"13":[5,4],"14":[0,11],"15":[8,3],"16":[0,11],"17":[0,11],"18":[0,11],"19":[11,10],"20":[0,11],"21":[11,0,0],"22":[11,9],"23":[11,0,0]}}
,"/Users/stefano/Documents/bitcoin-ui-lib/src/data/bip39-english.ts": {"path":"/Users/stefano/Documents/bitcoin-ui-lib/src/data/bip39-english.ts","statementMap":{"0":{"start":{"line":1,"column":13},"end":{"line":2050,"column":11}}},"fnMap":{},"branchMap":{},"s":{"0":1},"f":{},"b":{}}
,"/Users/stefano/Documents/bitcoin-ui-lib/src/icons/BitcoinIcon/BitcoinIcon.tsx": {"path":"/Users/stefano/Documents/bitcoin-ui-lib/src/icons/BitcoinIcon/BitcoinIcon.tsx","statementMap":{"0":{"start":{"line":3,"column":0},"end":{"line":3,"column":16}},"1":{"start":{"line":12,"column":2},"end":{"line":33,"column":4}}},"fnMap":{"0":{"name":"BitcoinIcon","decl":{"start":{"line":3,"column":16},"end":{"line":3,"column":27}},"loc":{"start":{"line":11,"column":19},"end":{"line":34,"column":1}}}},"branchMap":{"0":{"loc":{"start":{"line":4,"column":2},"end":{"line":4,"column":17}},"type":"default-arg","locations":[{"start":{"line":4,"column":8},"end":{"line":4,"column":17}}]},"1":{"loc":{"start":{"line":5,"column":2},"end":{"line":5,"column":29}},"type":"default-arg","locations":[{"start":{"line":5,"column":20},"end":{"line":5,"column":29}}]},"2":{"loc":{"start":{"line":6,"column":2},"end":{"line":6,"column":19}},"type":"default-arg","locations":[{"start":{"line":6,"column":10},"end":{"line":6,"column":19}}]},"3":{"loc":{"start":{"line":7,"column":2},"end":{"line":7,"column":20}},"type":"default-arg","locations":[{"start":{"line":7,"column":15},"end":{"line":7,"column":20}}]},"4":{"loc":{"start":{"line":8,"column":2},"end":{"line":8,"column":11}},"type":"default-arg","locations":[{"start":{"line":8,"column":9},"end":{"line":8,"column":11}}]},"5":{"loc":{"start":{"line":16,"column":12},"end":{"line":16,"column":42}},"type":"cond-expr","locations":[{"start":{"line":16,"column":25},"end":{"line":16,"column":34}},{"start":{"line":16,"column":37},"end":{"line":16,"column":42}}]},"6":{"loc":{"start":{"line":17,"column":19},"end":{"line":17,"column":42}},"type":"binary-expr","locations":[{"start":{"line":17,"column":19},"end":{"line":17,"column":29}},{"start":{"line":17,"column":33},"end":{"line":17,"column":42}}]},"7":{"loc":{"start":{"line":23,"column":7},"end":{"line":23,"column":42}},"type":"binary-expr","locations":[{"start":{"line":23,"column":7},"end":{"line":23,"column":18}},{"start":{"line":23,"column":22},"end":{"line":23,"column":42}}]}},"s":{"0":1,"1":7},"f":{"0":7},"b":{"0":[6],"1":[7],"2":[7],"3":[6],"4":[6],"5":[1,6],"6":[7,6],"7":[7,6]}}
,"/Users/stefano/Documents/bitcoin-ui-lib/src/icons/SatsIcon/SatsIcon.tsx": {"path":"/Users/stefano/Documents/bitcoin-ui-lib/src/icons/SatsIcon/SatsIcon.tsx","statementMap":{"0":{"start":{"line":3,"column":0},"end":{"line":3,"column":16}},"1":{"start":{"line":13,"column":2},"end":{"line":32,"column":4}}},"fnMap":{"0":{"name":"SatsIcon","decl":{"start":{"line":3,"column":16},"end":{"line":3,"column":24}},"loc":{"start":{"line":12,"column":16},"end":{"line":33,"column":1}}}},"branchMap":{"0":{"loc":{"start":{"line":4,"column":2},"end":{"line":4,"column":18}},"type":"default-arg","locations":[{"start":{"line":4,"column":8},"end":{"line":4,"column":18}}]},"1":{"loc":{"start":{"line":5,"column":2},"end":{"line":5,"column":33}},"type":"default-arg","locations":[{"start":{"line":5,"column":20},"end":{"line":5,"column":33}}]},"2":{"loc":{"start":{"line":7,"column":2},"end":{"line":7,"column":19}},"type":"default-arg","locations":[{"start":{"line":7,"column":10},"end":{"line":7,"column":19}}]},"3":{"loc":{"start":{"line":8,"column":2},"end":{"line":8,"column":20}},"type":"default-arg","locations":[{"start":{"line":8,"column":15},"end":{"line":8,"column":20}}]},"4":{"loc":{"start":{"line":9,"column":2},"end":{"line":9,"column":11}},"type":"default-arg","locations":[{"start":{"line":9,"column":9},"end":{"line":9,"column":11}}]},"5":{"loc":{"start":{"line":11,"column":2},"end":{"line":11,"column":16}},"type":"default-arg","locations":[{"start":{"line":11,"column":11},"end":{"line":11,"column":16}}]},"6":{"loc":{"start":{"line":17,"column":12},"end":{"line":17,"column":42}},"type":"cond-expr","locations":[{"start":{"line":17,"column":25},"end":{"line":17,"column":34}},{"start":{"line":17,"column":37},"end":{"line":17,"column":42}}]},"7":{"loc":{"start":{"line":18,"column":19},"end":{"line":18,"column":42}},"type":"binary-expr","locations":[{"start":{"line":18,"column":19},"end":{"line":18,"column":29}},{"start":{"line":18,"column":33},"end":{"line":18,"column":42}}]},"8":{"loc":{"start":{"line":23,"column":11},"end":{"line":23,"column":56}},"type":"cond-expr","locations":[{"start":{"line":23,"column":20},"end":{"line":23,"column":51}},{"start":{"line":23,"column":54},"end":{"line":23,"column":56}}]},"9":{"loc":{"start":{"line":25,"column":7},"end":{"line":25,"column":42}},"type":"binary-expr","locations":[{"start":{"line":25,"column":7},"end":{"line":25,"column":18}},{"start":{"line":25,"column":22},"end":{"line":25,"column":42}}]}},"s":{"0":1,"1":8},"f":{"0":8},"b":{"0":[8],"1":[8],"2":[8],"3":[7],"4":[7],"5":[7],"6":[1,7],"7":[8,7],"8":[1,7],"9":[8,7]}}
}
