TN:
SF:src/components/AddressDisplay/AddressDisplay.tsx
FN:4,AddressDisplay
FN:27,(anonymous_1)
FN:32,(anonymous_2)
FNF:3
FNH:2
FNDA:16,AddressDisplay
FNDA:3,(anonymous_1)
FNDA:0,(anonymous_2)
DA:1,1
DA:4,1
DA:21,16
DA:23,16
DA:24,16
DA:25,16
DA:27,16
DA:28,3
DA:29,3
DA:30,3
DA:31,3
DA:32,3
DA:38,16
LF:13
LH:13
BRDA:6,0,0,15
BRDA:7,1,0,15
BRDA:8,2,0,15
BRDA:9,3,0,16
BRDA:10,4,0,15
BRDA:11,5,0,15
BRDA:13,6,0,15
BRDA:14,7,0,15
BRDA:15,8,0,16
BRDA:16,9,0,14
BRDA:17,10,0,16
BRDA:23,11,0,16
BRDA:23,11,1,15
BRDA:24,12,0,14
BRDA:24,12,1,2
BRDA:25,13,0,14
BRDA:25,13,1,2
BRDA:52,14,0,16
BRDA:52,14,1,14
BRDA:55,15,0,16
BRDA:55,15,1,14
BRDA:58,16,0,16
BRDA:58,16,1,15
BRDA:75,17,0,3
BRDA:75,17,1,12
BRF:25
BRH:25
end_of_record
TN:
SF:src/components/BTCAmount/BTCAmount.tsx
FN:11,formatDigits
FN:25,(anonymous_1)
FN:64,BTCAmount
FN:81,(anonymous_3)
FN:85,(anonymous_4)
FN:90,(anonymous_5)
FN:99,(anonymous_6)
FN:119,(anonymous_7)
FNF:8
FNH:8
FNDA:68,formatDigits
FNDA:339,(anonymous_1)
FNDA:84,BTCAmount
FNDA:68,(anonymous_3)
FNDA:68,(anonymous_4)
FNDA:35,(anonymous_5)
FNDA:68,(anonymous_6)
FNDA:1022,(anonymous_7)
DA:1,3
DA:2,3
DA:4,3
DA:5,3
DA:18,68
DA:19,68
DA:21,68
DA:22,271
DA:25,339
DA:27,68
DA:29,68
DA:30,619
DA:31,619
DA:32,619
DA:34,619
DA:41,619
DA:42,68
DA:43,68
DA:51,619
DA:52,136
DA:61,68
DA:64,3
DA:77,84
DA:78,84
DA:79,84
DA:81,84
DA:82,68
DA:85,84
DA:86,68
DA:87,33
DA:88,33
DA:90,35
DA:91,35
DA:93,35
DA:96,84
DA:98,84
DA:99,68
DA:103,84
DA:111,84
DA:120,1022
LF:40
LH:40
BRDA:18,0,0,1
BRDA:18,0,1,67
BRDA:31,1,0,619
BRDA:31,1,1,376
BRDA:32,2,0,321
BRDA:32,2,1,298
BRDA:41,3,0,68
BRDA:42,4,0,26
BRDA:42,4,1,42
BRDA:51,5,0,136
BRDA:51,6,0,619
BRDA:51,6,1,551
BRDA:66,7,0,49
BRDA:67,8,0,70
BRDA:68,9,0,73
BRDA:69,10,0,70
BRDA:70,11,0,51
BRDA:72,12,0,81
BRDA:77,13,0,51
BRDA:77,13,1,33
BRDA:79,14,0,51
BRDA:79,14,1,33
BRDA:86,15,0,33
BRDA:96,16,0,2
BRDA:96,16,1,82
BRDA:103,17,0,9
BRDA:103,17,1,75
BRDA:105,18,0,3
BRDA:105,18,1,72
BRDA:107,19,0,3
BRDA:107,19,1,69
BRDA:114,20,0,84
BRDA:114,20,1,81
BRDA:116,21,0,15
BRDA:116,21,1,69
BRDA:118,22,0,84
BRDA:118,22,1,15
BRDA:118,22,2,12
BRDA:122,23,0,770
BRDA:122,23,1,252
BRDA:128,24,0,84
BRDA:128,24,1,15
BRDA:128,24,2,3
BRF:43
BRH:43
end_of_record
TN:
SF:src/components/BTCInput/BTCInput.tsx
FN:9,formatSats
FN:28,parseSats
FN:36,countDigitsAfter
FN:45,charPosAfterNthDigit
FN:57,BTCInput
FN:74,(anonymous_5)
FN:79,(anonymous_6)
FN:95,(anonymous_7)
FNF:8
FNH:7
FNDA:2,formatSats
FNDA:10,parseSats
FNDA:10,countDigitsAfter
FNDA:0,charPosAfterNthDigit
FNDA:10,BTCInput
FNDA:10,(anonymous_5)
FNDA:10,(anonymous_6)
FNDA:10,(anonymous_7)
DA:1,1
DA:4,1
DA:10,2
DA:11,2
DA:14,2
DA:15,2
DA:18,2
DA:19,2
DA:20,2
DA:22,2
DA:29,10
DA:30,10
DA:31,10
DA:32,7
DA:37,10
DA:38,10
DA:39,0
DA:41,10
DA:46,0
DA:47,0
DA:48,0
DA:49,0
DA:50,0
DA:51,0
DA:54,0
DA:57,1
DA:70,10
DA:71,10
DA:73,10
DA:74,10
DA:78,10
DA:80,10
DA:81,10
DA:82,10
DA:86,10
DA:88,10
DA:89,10
DA:95,10
DA:96,10
DA:97,10
DA:99,0
DA:100,0
DA:101,0
DA:102,0
DA:103,0
DA:104,0
DA:107,10
DA:109,10
LF:48
LH:34
BRDA:10,0,0,0
BRDA:10,0,1,2
BRDA:14,1,0,2
BRDA:14,1,1,0
BRDA:31,2,0,3
BRDA:39,3,0,0
BRDA:39,4,0,0
BRDA:39,4,1,0
BRDA:46,5,0,0
BRDA:49,6,0,0
BRDA:49,7,0,0
BRDA:49,7,1,0
BRDA:51,8,0,0
BRDA:60,9,0,10
BRDA:61,10,0,10
BRDA:62,11,0,10
BRDA:63,12,0,10
BRDA:64,13,0,9
BRDA:65,14,0,9
BRDA:66,15,0,9
BRDA:74,16,0,8
BRDA:74,16,1,2
BRDA:82,17,0,10
BRDA:82,17,1,0
BRDA:97,18,0,10
BRDA:97,19,0,10
BRDA:97,19,1,10
BRDA:107,20,0,0
BRDA:107,20,1,10
BRDA:125,21,0,2
BRDA:125,21,1,8
BRDA:132,22,0,1
BRDA:132,22,1,9
BRDA:133,23,0,1
BRDA:133,23,1,9
BRF:35
BRH:23
end_of_record
TN:
SF:src/components/BalanceDisplay/BalanceDisplay.tsx
FN:8,formatSatsNumber
FN:12,formatFiat
FN:16,BalanceDisplay
FN:38,(anonymous_3)
FNF:4
FNH:4
FNDA:18,formatSatsNumber
FNDA:6,formatFiat
FNDA:33,BalanceDisplay
FNDA:13,(anonymous_3)
DA:1,1
DA:2,1
DA:4,1
DA:9,18
DA:13,6
DA:16,1
DA:32,33
DA:33,33
DA:35,33
DA:36,33
DA:38,33
DA:39,13
DA:40,13
DA:41,13
DA:42,12
DA:44,13
DA:47,33
DA:49,33
LF:18
LH:18
BRDA:9,0,0,0
BRDA:9,0,1,18
BRDA:19,1,0,30
BRDA:20,2,0,30
BRDA:23,3,0,33
BRDA:24,4,0,32
BRDA:25,5,0,32
BRDA:26,6,0,31
BRDA:27,7,0,31
BRDA:28,8,0,32
BRDA:33,9,0,10
BRDA:33,9,1,23
BRDA:36,10,0,33
BRDA:36,10,1,30
BRDA:41,11,0,12
BRDA:47,12,0,21
BRDA:47,12,1,12
BRDA:47,13,0,9
BRDA:47,13,1,3
BRDA:70,14,0,33
BRDA:70,14,1,21
BRDA:73,15,0,33
BRDA:73,15,1,9
BRDA:78,16,0,33
BRDA:78,16,1,3
BRDA:78,16,2,3
BRDA:86,17,0,32
BRDA:86,17,1,1
BRF:28
BRH:27
end_of_record
TN:
SF:src/components/ConfirmationBadge/ConfirmationBadge.tsx
FN:3,ConfirmationBadge
FNF:1
FNH:1
FNDA:16,ConfirmationBadge
DA:3,1
DA:17,16
DA:18,16
DA:19,16
DA:21,16
DA:28,16
DA:29,5
DA:30,11
DA:31,5
DA:33,6
DA:36,16
DA:42,16
LF:12
LH:12
BRDA:5,0,0,15
BRDA:6,1,0,15
BRDA:7,2,0,15
BRDA:8,3,0,15
BRDA:9,4,0,15
BRDA:10,5,0,16
BRDA:12,6,0,15
BRDA:13,7,0,16
BRDA:21,8,0,5
BRDA:21,8,1,11
BRDA:23,9,0,5
BRDA:23,9,1,6
BRDA:28,10,0,5
BRDA:28,10,1,11
BRDA:30,11,0,5
BRDA:30,11,1,6
BRDA:33,12,0,5
BRDA:33,12,1,1
BRDA:36,13,0,5
BRDA:36,13,1,11
BRDA:38,14,0,5
BRDA:38,14,1,6
BRDA:40,15,0,6
BRDA:40,15,1,5
BRF:24
BRH:24
end_of_record
TN:
SF:src/components/SeedPhraseInput/SeedPhraseInput.tsx
FN:10,findSuggestions
FN:27,SeedPhraseInput
FN:49,(anonymous_2)
FN:50,(anonymous_3)
FN:53,(anonymous_4)
FN:54,(anonymous_5)
FN:60,(anonymous_6)
FN:67,(anonymous_7)
FN:76,(anonymous_8)
FN:88,(anonymous_9)
FN:98,(anonymous_10)
FN:108,(anonymous_11)
FN:113,(anonymous_12)
FN:120,(anonymous_13)
FN:124,(anonymous_14)
FN:145,(anonymous_15)
FN:149,(anonymous_16)
FN:171,(anonymous_17)
FN:199,(anonymous_18)
FN:218,(anonymous_19)
FN:219,(anonymous_20)
FN:226,(anonymous_21)
FN:227,(anonymous_22)
FN:232,(anonymous_23)
FN:267,(anonymous_24)
FN:273,(anonymous_25)
FN:274,(anonymous_26)
FNF:27
FNH:25
FNDA:34,findSuggestions
FNDA:87,SeedPhraseInput
FNDA:29,(anonymous_2)
FNDA:29,(anonymous_3)
FNDA:29,(anonymous_4)
FNDA:29,(anonymous_5)
FNDA:51,(anonymous_6)
FNDA:19,(anonymous_7)
FNDA:4,(anonymous_8)
FNDA:4,(anonymous_9)
FNDA:65,(anonymous_10)
FNDA:65,(anonymous_11)
FNDA:23,(anonymous_12)
FNDA:2,(anonymous_13)
FNDA:0,(anonymous_14)
FNDA:51,(anonymous_15)
FNDA:88,(anonymous_16)
FNDA:1080,(anonymous_17)
FNDA:1776,(anonymous_18)
FNDA:19,(anonymous_19)
FNDA:13,(anonymous_20)
FNDA:4,(anonymous_21)
FNDA:0,(anonymous_22)
FNDA:23,(anonymous_23)
FNDA:156,(anonymous_24)
FNDA:2,(anonymous_25)
FNDA:2,(anonymous_26)
DA:1,1
DA:3,1
DA:5,1
DA:6,1
DA:7,1
DA:11,34
DA:12,19
DA:13,19
DA:14,19
DA:15,228
DA:16,228
DA:17,228
DA:19,19
DA:20,19
DA:21,128
DA:22,4
DA:24,19
DA:27,1
DA:41,87
DA:42,87
DA:43,87
DA:44,87
DA:45,87
DA:46,87
DA:47,87
DA:49,87
DA:50,87
DA:53,87
DA:54,29
DA:55,29
DA:60,87
DA:61,51
DA:62,51
DA:63,51
DA:66,87
DA:68,19
DA:69,19
DA:70,19
DA:75,87
DA:77,4
DA:78,4
DA:79,4
DA:80,4
DA:87,87
DA:89,4
DA:90,4
DA:91,4
DA:92,4
DA:93,4
DA:98,87
DA:99,65
DA:100,34
DA:101,34
DA:104,87
DA:105,87
DA:108,87
DA:109,65
DA:112,87
DA:114,23
DA:115,23
DA:117,16
DA:119,2
DA:120,2
DA:121,2
DA:123,0
DA:124,0
DA:125,0
DA:127,2
DA:128,2
DA:129,1
DA:130,1
DA:131,1
DA:133,2
DA:134,2
DA:136,1
DA:137,1
DA:138,1
DA:139,1
DA:145,87
DA:146,51
DA:147,7
DA:148,7
DA:149,88
DA:151,7
DA:152,3
DA:154,7
DA:157,87
DA:172,1080
DA:200,1776
DA:218,19
DA:220,13
DA:221,4
DA:222,4
DA:224,13
DA:227,4
DA:228,0
DA:229,0
DA:232,23
DA:268,156
DA:273,2
DA:274,2
LF:101
LH:96
BRDA:11,0,0,15
BRDA:16,1,0,0
BRDA:16,1,1,228
BRDA:20,2,0,143
BRDA:20,2,1,143
BRDA:21,3,0,124
BRDA:21,3,1,4
BRDA:30,4,0,83
BRDA:31,5,0,85
BRDA:33,6,0,86
BRDA:37,7,0,86
BRDA:49,8,0,29
BRDA:49,8,1,28
BRDA:55,9,0,0
BRDA:78,10,0,4
BRDA:99,11,0,31
BRDA:100,12,0,34
BRDA:100,12,1,0
BRDA:115,13,0,7
BRDA:117,14,0,2
BRDA:117,14,1,0
BRDA:117,14,2,2
BRDA:117,14,3,1
BRDA:124,15,0,0
BRDA:124,15,1,0
BRDA:128,16,0,1
BRDA:128,16,1,1
BRDA:128,17,0,2
BRDA:128,17,1,1
BRDA:130,18,0,1
BRDA:146,19,0,44
BRDA:148,20,0,7
BRDA:148,20,1,7
BRDA:149,21,0,88
BRDA:149,21,1,86
BRDA:151,22,0,3
BRDA:151,23,0,7
BRDA:151,23,1,4
BRDA:182,24,0,24
BRDA:182,24,1,1056
BRDA:187,25,0,24
BRDA:187,25,1,1056
BRDA:209,26,0,1056
BRDA:209,26,1,49
BRDA:212,27,0,2
BRDA:212,27,1,1054
BRDA:212,28,0,1056
BRDA:212,28,1,49
BRDA:220,29,0,4
BRDA:245,30,0,1056
BRDA:245,30,1,49
BRDA:245,30,2,23
BRF:52
BRH:46
end_of_record
TN:
SF:src/components/TransactionAmount/TransactionAmount.tsx
FN:7,TransactionAmount
FNF:1
FNH:1
FNDA:11,TransactionAmount
DA:1,1
DA:3,1
DA:4,1
DA:5,1
DA:7,1
DA:22,11
DA:23,11
DA:24,11
DA:25,11
DA:26,11
DA:27,11
DA:28,11
DA:29,11
DA:31,11
DA:39,11
LF:15
LH:15
BRDA:9,0,0,10
BRDA:10,1,0,10
BRDA:11,2,0,11
BRDA:12,3,0,10
BRDA:14,4,0,11
BRDA:15,5,0,11
BRDA:16,6,0,11
BRDA:17,7,0,11
BRDA:24,8,0,7
BRDA:24,8,1,4
BRDA:24,9,0,3
BRDA:24,9,1,1
BRDA:25,10,0,6
BRDA:25,10,1,5
BRDA:25,11,0,11
BRDA:25,11,1,10
BRDA:25,12,0,3
BRDA:25,12,1,2
BRDA:25,13,0,5
BRDA:25,13,1,4
BRDA:27,14,0,0
BRDA:27,14,1,11
BRDA:28,15,0,8
BRDA:28,15,1,3
BRDA:31,16,0,0
BRDA:31,16,1,11
BRDA:33,17,0,0
BRDA:33,17,1,11
BRDA:35,18,0,0
BRDA:35,18,1,11
BRDA:42,19,0,11
BRDA:42,19,1,10
BRDA:47,20,0,0
BRDA:47,20,1,11
BRDA:53,21,0,11
BRDA:53,21,1,0
BRDA:53,21,2,0
BRDA:54,22,0,11
BRDA:54,22,1,9
BRDA:63,23,0,11
BRDA:63,23,1,0
BRDA:63,23,2,0
BRF:42
BRH:33
end_of_record
TN:
SF:src/data/bip39-english.ts
FNF:0
FNH:0
DA:1,1
LF:1
LH:1
BRF:0
BRH:0
end_of_record
TN:
SF:src/icons/BitcoinIcon/BitcoinIcon.tsx
FN:3,BitcoinIcon
FNF:1
FNH:1
FNDA:7,BitcoinIcon
DA:3,1
DA:12,7
LF:2
LH:2
BRDA:4,0,0,6
BRDA:5,1,0,7
BRDA:6,2,0,7
BRDA:7,3,0,6
BRDA:8,4,0,6
BRDA:16,5,0,1
BRDA:16,5,1,6
BRDA:17,6,0,7
BRDA:17,6,1,6
BRDA:23,7,0,7
BRDA:23,7,1,6
BRF:11
BRH:11
end_of_record
TN:
SF:src/icons/SatsIcon/SatsIcon.tsx
FN:3,SatsIcon
FNF:1
FNH:1
FNDA:8,SatsIcon
DA:3,1
DA:13,8
LF:2
LH:2
BRDA:4,0,0,8
BRDA:5,1,0,8
BRDA:7,2,0,8
BRDA:8,3,0,7
BRDA:9,4,0,7
BRDA:11,5,0,7
BRDA:17,6,0,1
BRDA:17,6,1,7
BRDA:18,7,0,8
BRDA:18,7,1,7
BRDA:23,8,0,1
BRDA:23,8,1,7
BRDA:25,9,0,8
BRDA:25,9,1,7
BRF:14
BRH:14
end_of_record
